{"level":"DEBUG","location":"[get_call:163] fyersModel","message":{"Status Code":200,"API":"/profile"},"timestamp":"2026-06-29 05:06:24,393+0530","service":"FyersAPIRequest"}
{"level":"DEBUG","location":"[get_call:163] fyersModel","message":{"Status Code":200,"API":"/profile"},"timestamp":"2026-06-29 05:49:26,746+0530","service":"FyersAPIRequest"}
{"level":"DEBUG","location":"[get_call:163] fyersModel","message":{"Status Code":200,"API":"/profile"},"timestamp":"2026-06-29 05:50:01,193+0530","service":"FyersAPIRequest"}
{"level":"DEBUG","location":"[get_call:163] fyersModel","message":{"Status Code":200,"API":"/profile"},"timestamp":"2026-06-29 05:51:07,073+0530","service":"FyersAPIRequest"}
{"level":"DEBUG","location":"[get_call:163] fyersModel","message":{"Status Code":200,"API":"/profile"},"timestamp":"2026-06-29 05:51:35,126+0530","service":"FyersAPIRequest"}
{"level":"DEBUG","location":"[get_call:163] fyersModel","message":{"Status Code":200,"API":"/profile"},"timestamp":"2026-06-29 05:56:41,369+0530","service":"FyersAPIRequest"}
{"level":"DEBUG","location":"[get_call:163] fyersModel","message":{"Status Code":200,"API":"/profile"},"timestamp":"2026-06-29 05:57:15,124+0530","service":"FyersAPIRequest"}
{"level":"DEBUG","location":"[get_call:163] fyersModel","message":{"Status Code":401,"API":"/profile"},"timestamp":"2026-06-29 11:33:44,983+0530","service":"FyersAPIRequest"}
{"level":"DEBUG","location":"[get_call:163] fyersModel","message":{"Status Code":200,"API":"/history"},"timestamp":"2026-06-29 11:33:46,823+0530","service":"FyersAPIRequest"}
{"level":"DEBUG","location":"[get_call:163] fyersModel","message":{"Status Code":200,"API":"/options-chain-v3"},"timestamp":"2026-06-29 11:33:46,943+0530","service":"FyersAPIRequest"}
{"level":"DEBUG","location":"[get_call:163] fyersModel","message":{"Status Code":200,"API":"/history"},"timestamp":"2026-06-29 11:34:47,027+0530","service":"FyersAPIRequest"}
{"level":"DEBUG","location":"[get_call:163] fyersModel","message":{"Status Code":200,"API":"/options-chain-v3"},"timestamp":"2026-06-29 11:34:47,089+0530","service":"FyersAPIRequest"}
{"level":"DEBUG","location":"[get_call:163] fyersModel","message":{"Status Code":200,"API":"/history"},"timestamp":"2026-06-29 11:35:47,204+0530","service":"FyersAPIRequest"}
{"level":"DEBUG","location":"[get_call:163] fyersModel","message":{"Status Code":200,"API":"/options-chain-v3"},"timestamp":"2026-06-29 11:35:47,298+0530","service":"FyersAPIRequest"}
{"level":"DEBUG","location":"[get_call:163] fyersModel","message":{"Status Code":200,"API":"/history"},"timestamp":"2026-06-29 11:36:47,383+0530","service":"FyersAPIRequest"}
{"level":"DEBUG","location":"[get_call:163] fyersModel","message":{"Status Code":200,"API":"/options-chain-v3"},"timestamp":"2026-06-29 11:36:47,460+0530","service":"FyersAPIRequest"}
{"level":"DEBUG","location":"[get_call:163] fyersModel","message":{"Status Code":200,"API":"/history"},"timestamp":"2026-06-29 11:37:47,581+0530","service":"FyersAPIRequest"}
{"level":"DEBUG","location":"[get_call:163] fyersModel","message":{"Status Code":200,"API":"/options-chain-v3"},"timestamp":"2026-06-29 11:37:47,758+0530","service":"FyersAPIRequest"}
{"level":"DEBUG","location":"[get_call:163] fyersModel","message":{"Status Code":200,"API":"/history"},"timestamp":"2026-06-29 11:38:47,843+0530","service":"FyersAPIRequest"}
{"level":"DEBUG","location":"[get_call:163] fyersModel","message":{"Status Code":200,"API":"/options-chain-v3"},"timestamp":"2026-06-29 11:38:47,920+0530","service":"FyersAPIRequest"}
{"level":"DEBUG","location":"[get_call:163] fyersModel","message":{"Status Code":200,"API":"/history"},"timestamp":"2026-06-29 11:39:48,005+0530","service":"FyersAPIRequest"}
{"level":"DEBUG","location":"[get_call:163] fyersModel","message":{"Status Code":200,"API":"/options-chain-v3"},"timestamp":"2026-06-29 11:39:48,081+0530","service":"FyersAPIRequest"}
{"level":"DEBUG","location":"[get_call:163] fyersModel","message":{"Status Code":200,"API":"/history"},"timestamp":"2026-06-29 11:40:48,196+0530","service":"FyersAPIRequest"}
{"level":"DEBUG","location":"[get_call:163] fyersModel","message":{"Status Code":200,"API":"/options-chain-v3"},"timestamp":"2026-06-29 11:40:48,383+0530","service":"FyersAPIRequest"}
{"level":"DEBUG","location":"[get_call:163] fyersModel","message":{"Status Code":200,"API":"/history"},"timestamp":"2026-06-29 11:41:48,526+0530","service":"FyersAPIRequest"}
{"level":"DEBUG","location":"[get_call:163] fyersModel","message":{"Status Code":200,"API":"/options-chain-v3"},"timestamp":"2026-06-29 11:41:48,607+0530","service":"FyersAPIRequest"}
{"level":"DEBUG","location":"[get_call:163] fyersModel","message":{"Status Code":200,"API":"/history"},"timestamp":"2026-06-29 11:42:48,738+0530","service":"FyersAPIRequest"}
{"level":"DEBUG","location":"[get_call:163] fyersModel","message":{"Status Code":200,"API":"/options-chain-v3"},"timestamp":"2026-06-29 11:42:48,890+0530","service":"FyersAPIRequest"}
{"level":"DEBUG","location":"[get_call:163] fyersModel","message":{"Status Code":200,"API":"/history"},"timestamp":"2026-06-29 11:43:49,074+0530","service":"FyersAPIRequest"}
{"level":"DEBUG","location":"[get_call:163] fyersModel","message":{"Status Code":200,"API":"/options-chain-v3"},"timestamp":"2026-06-29 11:43:49,216+0530","service":"FyersAPIRequest"}
{"level":"DEBUG","location":"[get_call:163] fyersModel","message":{"Status Code":200,"API":"/history"},"timestamp":"2026-06-29 11:44:49,304+0530","service":"FyersAPIRequest"}
{"level":"DEBUG","location":"[get_call:163] fyersModel","message":{"Status Code":200,"API":"/options-chain-v3"},"timestamp":"2026-06-29 11:44:49,414+0530","service":"FyersAPIRequest"}
{"level":"DEBUG","location":"[get_call:163] fyersModel","message":{"Status Code":200,"API":"/history"},"timestamp":"2026-06-29 11:45:49,678+0530","service":"FyersAPIRequest"}
{"level":"DEBUG","location":"[get_call:163] fyersModel","message":{"Status Code":200,"API":"/options-chain-v3"},"timestamp":"2026-06-29 11:45:49,799+0530","service":"FyersAPIRequest"}
{"level":"DEBUG","location":"[get_call:163] fyersModel","message":{"Status Code":200,"API":"/history"},"timestamp":"2026-06-29 11:46:49,996+0530","service":"FyersAPIRequest"}
{"level":"DEBUG","location":"[get_call:163] fyersModel","message":{"Status Code":200,"API":"/options-chain-v3"},"timestamp":"2026-06-29 11:46:50,103+0530","service":"FyersAPIRequest"}
{"level":"DEBUG","location":"[get_call:163] fyersModel","message":{"Status Code":200,"API":"/history"},"timestamp":"2026-06-29 11:47:50,214+0530","service":"FyersAPIRequest"}
{"level":"DEBUG","location":"[get_call:163] fyersModel","message":{"Status Code":200,"API":"/options-chain-v3"},"timestamp":"2026-06-29 11:47:50,276+0530","service":"FyersAPIRequest"}
{"level":"DEBUG","location":"[get_call:163] fyersModel","message":{"Status Code":200,"API":"/history"},"timestamp":"2026-06-29 11:48:50,413+0530","service":"FyersAPIRequest"}
{"level":"DEBUG","location":"[get_call:163] fyersModel","message":{"Status Code":200,"API":"/options-chain-v3"},"timestamp":"2026-06-29 11:48:50,487+0530","service":"FyersAPIRequest"}
{"level":"DEBUG","location":"[get_call:163] fyersModel","message":{"Status Code":200,"API":"/history"},"timestamp":"2026-06-29 11:49:50,616+0530","service":"FyersAPIRequest"}
{"level":"DEBUG","location":"[get_call:163] fyersModel","message":{"Status Code":200,"API":"/options-chain-v3"},"timestamp":"2026-06-29 11:49:50,735+0530","service":"FyersAPIRequest"}
{"level":"DEBUG","location":"[get_call:163] fyersModel","message":{"Status Code":200,"API":"/history"},"timestamp":"2026-06-29 11:50:50,844+0530","service":"FyersAPIRequest"}
{"level":"DEBUG","location":"[get_call:163] fyersModel","message":{"Status Code":200,"API":"/options-chain-v3"},"timestamp":"2026-06-29 11:50:50,930+0530","service":"FyersAPIRequest"}
{"level":"DEBUG","location":"[get_call:163] fyersModel","message":{"Status Code":200,"API":"/history"},"timestamp":"2026-06-29 11:51:51,028+0530","service":"FyersAPIRequest"}
{"level":"DEBUG","location":"[get_call:163] fyersModel","message":{"Status Code":200,"API":"/options-chain-v3"},"timestamp":"2026-06-29 11:51:51,096+0530","service":"FyersAPIRequest"}
{"level":"DEBUG","location":"[get_call:163] fyersModel","message":{"Status Code":200,"API":"/history"},"timestamp":"2026-06-29 11:52:51,203+0530","service":"FyersAPIRequest"}
{"level":"DEBUG","location":"[get_call:163] fyersModel","message":{"Status Code":200,"API":"/options-chain-v3"},"timestamp":"2026-06-29 11:52:51,271+0530","service":"FyersAPIRequest"}
{"level":"DEBUG","location":"[get_call:163] fyersModel","message":{"Status Code":200,"API":"/history"},"timestamp":"2026-06-29 11:53:51,343+0530","service":"FyersAPIRequest"}
{"level":"DEBUG","location":"[get_call:163] fyersModel","message":{"Status Code":200,"API":"/options-chain-v3"},"timestamp":"2026-06-29 11:53:51,411+0530","service":"FyersAPIRequest"}
{"level":"DEBUG","location":"[get_call:163] fyersModel","message":{"Status Code":200,"API":"/history"},"timestamp":"2026-06-29 11:54:51,518+0530","service":"FyersAPIRequest"}
{"level":"DEBUG","location":"[get_call:163] fyersModel","message":{"Status Code":200,"API":"/options-chain-v3"},"timestamp":"2026-06-29 11:54:51,590+0530","service":"FyersAPIRequest"}
{"level":"DEBUG","location":"[get_call:163] fyersModel","message":{"Status Code":200,"API":"/history"},"timestamp":"2026-06-29 11:55:51,698+0530","service":"FyersAPIRequest"}
{"level":"DEBUG","location":"[get_call:163] fyersModel","message":{"Status Code":200,"API":"/options-chain-v3"},"timestamp":"2026-06-29 11:55:51,768+0530","service":"FyersAPIRequest"}
{"level":"DEBUG","location":"[get_call:163] fyersModel","message":{"Status Code":200,"API":"/history"},"timestamp":"2026-06-29 11:56:51,876+0530","service":"FyersAPIRequest"}
{"level":"DEBUG","location":"[get_call:163] fyersModel","message":{"Status Code":200,"API":"/options-chain-v3"},"timestamp":"2026-06-29 11:56:51,959+0530","service":"FyersAPIRequest"}
{"level":"DEBUG","location":"[get_call:163] fyersModel","message":{"Status Code":200,"API":"/history"},"timestamp":"2026-06-29 11:57:52,119+0530","service":"FyersAPIRequest"}
{"level":"DEBUG","location":"[get_call:163] fyersModel","message":{"Status Code":200,"API":"/options-chain-v3"},"timestamp":"2026-06-29 11:57:52,222+0530","service":"FyersAPIRequest"}
{"level":"DEBUG","location":"[get_call:163] fyersModel","message":{"Status Code":200,"API":"/history"},"timestamp":"2026-06-29 11:58:52,328+0530","service":"FyersAPIRequest"}
{"level":"DEBUG","location":"[get_call:163] fyersModel","message":{"Status Code":200,"API":"/options-chain-v3"},"timestamp":"2026-06-29 11:58:52,383+0530","service":"FyersAPIRequest"}
{"level":"DEBUG","location":"[get_call:163] fyersModel","message":{"Status Code":200,"API":"/history"},"timestamp":"2026-06-29 11:59:52,525+0530","service":"FyersAPIRequest"}
{"level":"DEBUG","location":"[get_call:163] fyersModel","message":{"Status Code":200,"API":"/options-chain-v3"},"timestamp":"2026-06-29 11:59:52,595+0530","service":"FyersAPIRequest"}
{"level":"DEBUG","location":"[get_call:163] fyersModel","message":{"Status Code":200,"API":"/history"},"timestamp":"2026-06-29 12:00:52,689+0530","service":"FyersAPIRequest"}
{"level":"DEBUG","location":"[get_call:163] fyersModel","message":{"Status Code":200,"API":"/options-chain-v3"},"timestamp":"2026-06-29 12:00:52,778+0530","service":"FyersAPIRequest"}
{"level":"DEBUG","location":"[get_call:163] fyersModel","message":{"Status Code":200,"API":"/history"},"timestamp":"2026-06-29 12:01:52,882+0530","service":"FyersAPIRequest"}
{"level":"DEBUG","location":"[get_call:163] fyersModel","message":{"Status Code":200,"API":"/options-chain-v3"},"timestamp":"2026-06-29 12:01:52,959+0530","service":"FyersAPIRequest"}
{"level":"DEBUG","location":"[get_call:163] fyersModel","message":{"Status Code":200,"API":"/history"},"timestamp":"2026-06-29 12:02:53,062+0530","service":"FyersAPIRequest"}
{"level":"DEBUG","location":"[get_call:163] fyersModel","message":{"Status Code":200,"API":"/options-chain-v3"},"timestamp":"2026-06-29 12:02:53,146+0530","service":"FyersAPIRequest"}
{"level":"DEBUG","location":"[get_call:163] fyersModel","message":{"Status Code":200,"API":"/history"},"timestamp":"2026-06-29 12:03:53,219+0530","service":"FyersAPIRequest"}
{"level":"DEBUG","location":"[get_call:163] fyersModel","message":{"Status Code":200,"API":"/options-chain-v3"},"timestamp":"2026-06-29 12:03:53,403+0530","service":"FyersAPIRequest"}
{"level":"DEBUG","location":"[get_call:163] fyersModel","message":{"Status Code":200,"API":"/history"},"timestamp":"2026-06-29 12:04:53,506+0530","service":"FyersAPIRequest"}
{"level":"DEBUG","location":"[get_call:163] fyersModel","message":{"Status Code":200,"API":"/options-chain-v3"},"timestamp":"2026-06-29 12:04:53,572+0530","service":"FyersAPIRequest"}
{"level":"DEBUG","location":"[get_call:163] fyersModel","message":{"Status Code":200,"API":"/history"},"timestamp":"2026-06-29 12:05:53,659+0530","service":"FyersAPIRequest"}
{"level":"DEBUG","location":"[get_call:163] fyersModel","message":{"Status Code":200,"API":"/options-chain-v3"},"timestamp":"2026-06-29 12:05:53,721+0530","service":"FyersAPIRequest"}
{"level":"DEBUG","location":"[get_call:163] fyersModel","message":{"Status Code":200,"API":"/history"},"timestamp":"2026-06-29 12:06:53,845+0530","service":"FyersAPIRequest"}
{"level":"DEBUG","location":"[get_call:163] fyersModel","message":{"Status Code":200,"API":"/options-chain-v3"},"timestamp":"2026-06-29 12:06:53,914+0530","service":"FyersAPIRequest"}
{"level":"DEBUG","location":"[get_call:163] fyersModel","message":{"Status Code":200,"API":"/history"},"timestamp":"2026-06-29 12:07:54,010+0530","service":"FyersAPIRequest"}
{"level":"DEBUG","location":"[get_call:163] fyersModel","message":{"Status Code":200,"API":"/options-chain-v3"},"timestamp":"2026-06-29 12:07:54,075+0530","service":"FyersAPIRequest"}
{"level":"DEBUG","location":"[get_call:163] fyersModel","message":{"Status Code":200,"API":"/history"},"timestamp":"2026-06-29 12:08:54,167+0530","service":"FyersAPIRequest"}
{"level":"DEBUG","location":"[get_call:163] fyersModel","message":{"Status Code":200,"API":"/options-chain-v3"},"timestamp":"2026-06-29 12:08:54,234+0530","service":"FyersAPIRequest"}
{"level":"DEBUG","location":"[get_call:163] fyersModel","message":{"Status Code":200,"API":"/history"},"timestamp":"2026-06-29 12:09:54,344+0530","service":"FyersAPIRequest"}
{"level":"DEBUG","location":"[get_call:163] fyersModel","message":{"Status Code":200,"API":"/options-chain-v3"},"timestamp":"2026-06-29 12:09:54,416+0530","service":"FyersAPIRequest"}
{"level":"DEBUG","location":"[get_call:163] fyersModel","message":{"Status Code":200,"API":"/history"},"timestamp":"2026-06-29 12:10:54,507+0530","service":"FyersAPIRequest"}
{"level":"DEBUG","location":"[get_call:163] fyersModel","message":{"Status Code":200,"API":"/options-chain-v3"},"timestamp":"2026-06-29 12:10:54,595+0530","service":"FyersAPIRequest"}
{"level":"DEBUG","location":"[get_call:163] fyersModel","message":{"Status Code":200,"API":"/history"},"timestamp":"2026-06-29 12:11:54,689+0530","service":"FyersAPIRequest"}
{"level":"DEBUG","location":"[get_call:163] fyersModel","message":{"Status Code":200,"API":"/options-chain-v3"},"timestamp":"2026-06-29 12:11:54,773+0530","service":"FyersAPIRequest"}
{"level":"DEBUG","location":"[get_call:163] fyersModel","message":{"Status Code":200,"API":"/history"},"timestamp":"2026-06-29 12:12:54,850+0530","service":"FyersAPIRequest"}
{"level":"DEBUG","location":"[get_call:163] fyersModel","message":{"Status Code":200,"API":"/options-chain-v3"},"timestamp":"2026-06-29 12:12:54,942+0530","service":"FyersAPIRequest"}
{"level":"DEBUG","location":"[get_call:163] fyersModel","message":{"Status Code":200,"API":"/history"},"timestamp":"2026-06-29 12:13:55,063+0530","service":"FyersAPIRequest"}
{"level":"DEBUG","location":"[get_call:163] fyersModel","message":{"Status Code":200,"API":"/options-chain-v3"},"timestamp":"2026-06-29 12:13:55,157+0530","service":"FyersAPIRequest"}
{"level":"DEBUG","location":"[get_call:163] fyersModel","message":{"Status Code":200,"API":"/history"},"timestamp":"2026-06-29 12:14:55,277+0530","service":"FyersAPIRequest"}
{"level":"DEBUG","location":"[get_call:163] fyersModel","message":{"Status Code":200,"API":"/options-chain-v3"},"timestamp":"2026-06-29 12:14:55,359+0530","service":"FyersAPIRequest"}
{"level":"DEBUG","location":"[get_call:163] fyersModel","message":{"Status Code":200,"API":"/history"},"timestamp":"2026-06-29 12:15:55,494+0530","service":"FyersAPIRequest"}
{"level":"DEBUG","location":"[get_call:163] fyersModel","message":{"Status Code":200,"API":"/options-chain-v3"},"timestamp":"2026-06-29 12:15:55,587+0530","service":"FyersAPIRequest"}
{"level":"DEBUG","location":"[get_call:163] fyersModel","message":{"Status Code":200,"API":"/history"},"timestamp":"2026-06-29 12:16:55,672+0530","service":"FyersAPIRequest"}
{"level":"DEBUG","location":"[get_call:163] fyersModel","message":{"Status Code":200,"API":"/options-chain-v3"},"timestamp":"2026-06-29 12:16:55,757+0530","service":"FyersAPIRequest"}
{"level":"DEBUG","location":"[get_call:163] fyersModel","message":{"Status Code":200,"API":"/history"},"timestamp":"2026-06-29 12:17:55,895+0530","service":"FyersAPIRequest"}
{"level":"DEBUG","location":"[get_call:163] fyersModel","message":{"Status Code":200,"API":"/options-chain-v3"},"timestamp":"2026-06-29 12:17:55,948+0530","service":"FyersAPIRequest"}
{"level":"DEBUG","location":"[get_call:163] fyersModel","message":{"Status Code":200,"API":"/history"},"timestamp":"2026-06-29 12:18:56,042+0530","service":"FyersAPIRequest"}
{"level":"DEBUG","location":"[get_call:163] fyersModel","message":{"Status Code":200,"API":"/options-chain-v3"},"timestamp":"2026-06-29 12:18:56,150+0530","service":"FyersAPIRequest"}
{"level":"DEBUG","location":"[get_call:163] fyersModel","message":{"Status Code":200,"API":"/history"},"timestamp":"2026-06-29 12:19:56,252+0530","service":"FyersAPIRequest"}
{"level":"DEBUG","location":"[get_call:163] fyersModel","message":{"Status Code":200,"API":"/options-chain-v3"},"timestamp":"2026-06-29 12:19:56,323+0530","service":"FyersAPIRequest"}
{"level":"DEBUG","location":"[get_call:163] fyersModel","message":{"Status Code":200,"API":"/history"},"timestamp":"2026-06-29 12:20:56,405+0530","service":"FyersAPIRequest"}
{"level":"DEBUG","location":"[get_call:163] fyersModel","message":{"Status Code":200,"API":"/options-chain-v3"},"timestamp":"2026-06-29 12:20:56,485+0530","service":"FyersAPIRequest"}
{"level":"DEBUG","location":"[get_call:163] fyersModel","message":{"Status Code":200,"API":"/history"},"timestamp":"2026-06-29 12:21:56,580+0530","service":"FyersAPIRequest"}
{"level":"DEBUG","location":"[get_call:163] fyersModel","message":{"Status Code":200,"API":"/options-chain-v3"},"timestamp":"2026-06-29 12:21:56,649+0530","service":"FyersAPIRequest"}
{"level":"DEBUG","location":"[get_call:163] fyersModel","message":{"Status Code":200,"API":"/history"},"timestamp":"2026-06-29 12:22:56,798+0530","service":"FyersAPIRequest"}
{"level":"DEBUG","location":"[get_call:163] fyersModel","message":{"Status Code":200,"API":"/options-chain-v3"},"timestamp":"2026-06-29 12:22:56,875+0530","service":"FyersAPIRequest"}
{"level":"DEBUG","location":"[get_call:163] fyersModel","message":{"Status Code":200,"API":"/history"},"timestamp":"2026-06-29 12:23:56,963+0530","service":"FyersAPIRequest"}
{"level":"DEBUG","location":"[get_call:163] fyersModel","message":{"Status Code":200,"API":"/options-chain-v3"},"timestamp":"2026-06-29 12:23:57,036+0530","service":"FyersAPIRequest"}
{"level":"DEBUG","location":"[get_call:163] fyersModel","message":{"Status Code":200,"API":"/history"},"timestamp":"2026-06-29 12:24:57,140+0530","service":"FyersAPIRequest"}
{"level":"DEBUG","location":"[get_call:163] fyersModel","message":{"Status Code":200,"API":"/options-chain-v3"},"timestamp":"2026-06-29 12:24:57,223+0530","service":"FyersAPIRequest"}
{"level":"DEBUG","location":"[get_call:163] fyersModel","message":{"Status Code":200,"API":"/history"},"timestamp":"2026-06-29 12:25:57,316+0530","service":"FyersAPIRequest"}
{"level":"DEBUG","location":"[get_call:163] fyersModel","message":{"Status Code":200,"API":"/options-chain-v3"},"timestamp":"2026-06-29 12:25:57,413+0530","service":"FyersAPIRequest"}
{"level":"DEBUG","location":"[get_call:163] fyersModel","message":{"Status Code":200,"API":"/history"},"timestamp":"2026-06-29 12:26:57,546+0530","service":"FyersAPIRequest"}
{"level":"DEBUG","location":"[get_call:163] fyersModel","message":{"Status Code":200,"API":"/options-chain-v3"},"timestamp":"2026-06-29 12:26:57,630+0530","service":"FyersAPIRequest"}
{"level":"DEBUG","location":"[get_call:163] fyersModel","message":{"Status Code":200,"API":"/history"},"timestamp":"2026-06-29 12:27:57,762+0530","service":"FyersAPIRequest"}
{"level":"DEBUG","location":"[get_call:163] fyersModel","message":{"Status Code":200,"API":"/options-chain-v3"},"timestamp":"2026-06-29 12:27:57,837+0530","service":"FyersAPIRequest"}
{"level":"DEBUG","location":"[get_call:163] fyersModel","message":{"Status Code":200,"API":"/history"},"timestamp":"2026-06-29 12:28:57,922+0530","service":"FyersAPIRequest"}
{"level":"DEBUG","location":"[get_call:163] fyersModel","message":{"Status Code":200,"API":"/options-chain-v3"},"timestamp":"2026-06-29 12:28:57,992+0530","service":"FyersAPIRequest"}
{"level":"DEBUG","location":"[get_call:163] fyersModel","message":{"Status Code":200,"API":"/history"},"timestamp":"2026-06-29 12:29:58,274+0530","service":"FyersAPIRequest"}
{"level":"DEBUG","location":"[get_call:163] fyersModel","message":{"Status Code":200,"API":"/options-chain-v3"},"timestamp":"2026-06-29 12:29:58,335+0530","service":"FyersAPIRequest"}
{"level":"DEBUG","location":"[get_call:163] fyersModel","message":{"Status Code":200,"API":"/history"},"timestamp":"2026-06-29 12:30:58,432+0530","service":"FyersAPIRequest"}
{"level":"DEBUG","location":"[get_call:163] fyersModel","message":{"Status Code":200,"API":"/options-chain-v3"},"timestamp":"2026-06-29 12:30:58,507+0530","service":"FyersAPIRequest"}
{"level":"DEBUG","location":"[get_call:163] fyersModel","message":{"Status Code":200,"API":"/history"},"timestamp":"2026-06-29 12:31:58,610+0530","service":"FyersAPIRequest"}
{"level":"DEBUG","location":"[get_call:163] fyersModel","message":{"Status Code":200,"API":"/options-chain-v3"},"timestamp":"2026-06-29 12:31:58,700+0530","service":"FyersAPIRequest"}
{"level":"DEBUG","location":"[get_call:163] fyersModel","message":{"Status Code":200,"API":"/history"},"timestamp":"2026-06-29 12:32:58,789+0530","service":"FyersAPIRequest"}
{"level":"DEBUG","location":"[get_call:163] fyersModel","message":{"Status Code":200,"API":"/options-chain-v3"},"timestamp":"2026-06-29 12:32:58,857+0530","service":"FyersAPIRequest"}
{"level":"DEBUG","location":"[get_call:163] fyersModel","message":{"Status Code":200,"API":"/history"},"timestamp":"2026-06-29 12:33:58,951+0530","service":"FyersAPIRequest"}
{"level":"DEBUG","location":"[get_call:163] fyersModel","message":{"Status Code":200,"API":"/options-chain-v3"},"timestamp":"2026-06-29 12:33:59,031+0530","service":"FyersAPIRequest"}
{"level":"DEBUG","location":"[get_call:163] fyersModel","message":{"Status Code":200,"API":"/history"},"timestamp":"2026-06-29 12:34:59,131+0530","service":"FyersAPIRequest"}
{"level":"DEBUG","location":"[get_call:163] fyersModel","message":{"Status Code":200,"API":"/options-chain-v3"},"timestamp":"2026-06-29 12:34:59,209+0530","service":"FyersAPIRequest"}
{"level":"DEBUG","location":"[get_call:163] fyersModel","message":{"Status Code":200,"API":"/history"},"timestamp":"2026-06-29 12:35:59,315+0530","service":"FyersAPIRequest"}
{"level":"DEBUG","location":"[get_call:163] fyersModel","message":{"Status Code":200,"API":"/options-chain-v3"},"timestamp":"2026-06-29 12:35:59,377+0530","service":"FyersAPIRequest"}
{"level":"DEBUG","location":"[get_call:163] fyersModel","message":{"Status Code":200,"API":"/history"},"timestamp":"2026-06-29 12:36:59,495+0530","service":"FyersAPIRequest"}
{"level":"DEBUG","location":"[get_call:163] fyersModel","message":{"Status Code":200,"API":"/options-chain-v3"},"timestamp":"2026-06-29 12:36:59,558+0530","service":"FyersAPIRequest"}
{"level":"DEBUG","location":"[get_call:163] fyersModel","message":{"Status Code":200,"API":"/history"},"timestamp":"2026-06-29 12:37:59,675+0530","service":"FyersAPIRequest"}
{"level":"DEBUG","location":"[get_call:163] fyersModel","message":{"Status Code":200,"API":"/options-chain-v3"},"timestamp":"2026-06-29 12:37:59,753+0530","service":"FyersAPIRequest"}
{"level":"DEBUG","location":"[get_call:163] fyersModel","message":{"Status Code":200,"API":"/history"},"timestamp":"2026-06-29 12:38:59,877+0530","service":"FyersAPIRequest"}
{"level":"DEBUG","location":"[get_call:163] fyersModel","message":{"Status Code":200,"API":"/options-chain-v3"},"timestamp":"2026-06-29 12:38:59,951+0530","service":"FyersAPIRequest"}
{"level":"DEBUG","location":"[get_call:163] fyersModel","message":{"Status Code":200,"API":"/history"},"timestamp":"2026-06-29 12:40:00,063+0530","service":"FyersAPIRequest"}
{"level":"DEBUG","location":"[get_call:163] fyersModel","message":{"Status Code":200,"API":"/options-chain-v3"},"timestamp":"2026-06-29 12:40:00,139+0530","service":"FyersAPIRequest"}
{"level":"DEBUG","location":"[get_call:163] fyersModel","message":{"Status Code":200,"API":"/history"},"timestamp":"2026-06-29 12:41:00,294+0530","service":"FyersAPIRequest"}
{"level":"DEBUG","location":"[get_call:163] fyersModel","message":{"Status Code":200,"API":"/options-chain-v3"},"timestamp":"2026-06-29 12:41:00,369+0530","service":"FyersAPIRequest"}
{"level":"DEBUG","location":"[get_call:163] fyersModel","message":{"Status Code":200,"API":"/history"},"timestamp":"2026-06-29 12:42:00,484+0530","service":"FyersAPIRequest"}
{"level":"DEBUG","location":"[get_call:163] fyersModel","message":{"Status Code":200,"API":"/options-chain-v3"},"timestamp":"2026-06-29 12:42:00,554+0530","service":"FyersAPIRequest"}
{"level":"DEBUG","location":"[get_call:163] fyersModel","message":{"Status Code":200,"API":"/history"},"timestamp":"2026-06-29 12:43:00,658+0530","service":"FyersAPIRequest"}
{"level":"DEBUG","location":"[get_call:163] fyersModel","message":{"Status Code":200,"API":"/options-chain-v3"},"timestamp":"2026-06-29 12:43:00,744+0530","service":"FyersAPIRequest"}
{"level":"DEBUG","location":"[get_call:163] fyersModel","message":{"Status Code":200,"API":"/history"},"timestamp":"2026-06-29 12:44:00,848+0530","service":"FyersAPIRequest"}
{"level":"DEBUG","location":"[get_call:163] fyersModel","message":{"Status Code":200,"API":"/options-chain-v3"},"timestamp":"2026-06-29 12:44:00,930+0530","service":"FyersAPIRequest"}
{"level":"DEBUG","location":"[get_call:163] fyersModel","message":{"Status Code":200,"API":"/history"},"timestamp":"2026-06-29 12:45:01,024+0530","service":"FyersAPIRequest"}
{"level":"DEBUG","location":"[get_call:163] fyersModel","message":{"Status Code":200,"API":"/options-chain-v3"},"timestamp":"2026-06-29 12:45:01,111+0530","service":"FyersAPIRequest"}
{"level":"DEBUG","location":"[get_call:163] fyersModel","message":{"Status Code":200,"API":"/history"},"timestamp":"2026-06-29 12:46:01,309+0530","service":"FyersAPIRequest"}
{"level":"DEBUG","location":"[get_call:163] fyersModel","message":{"Status Code":200,"API":"/options-chain-v3"},"timestamp":"2026-06-29 12:46:01,372+0530","service":"FyersAPIRequest"}
{"level":"DEBUG","location":"[get_call:163] fyersModel","message":{"Status Code":200,"API":"/history"},"timestamp":"2026-06-29 12:47:01,471+0530","service":"FyersAPIRequest"}
{"level":"DEBUG","location":"[get_call:163] fyersModel","message":{"Status Code":200,"API":"/options-chain-v3"},"timestamp":"2026-06-29 12:47:01,554+0530","service":"FyersAPIRequest"}
{"level":"DEBUG","location":"[get_call:163] fyersModel","message":{"Status Code":200,"API":"/history"},"timestamp":"2026-06-29 12:48:01,667+0530","service":"FyersAPIRequest"}
{"level":"DEBUG","location":"[get_call:163] fyersModel","message":{"Status Code":200,"API":"/options-chain-v3"},"timestamp":"2026-06-29 12:48:01,752+0530","service":"FyersAPIRequest"}
{"level":"DEBUG","location":"[get_call:163] fyersModel","message":{"Status Code":200,"API":"/history"},"timestamp":"2026-06-29 12:49:01,859+0530","service":"FyersAPIRequest"}
{"level":"DEBUG","location":"[get_call:163] fyersModel","message":{"Status Code":200,"API":"/options-chain-v3"},"timestamp":"2026-06-29 12:49:01,939+0530","service":"FyersAPIRequest"}
{"level":"DEBUG","location":"[get_call:163] fyersModel","message":{"Status Code":200,"API":"/history"},"timestamp":"2026-06-29 12:50:02,078+0530","service":"FyersAPIRequest"}
{"level":"DEBUG","location":"[get_call:163] fyersModel","message":{"Status Code":200,"API":"/options-chain-v3"},"timestamp":"2026-06-29 12:50:02,150+0530","service":"FyersAPIRequest"}
{"level":"DEBUG","location":"[get_call:163] fyersModel","message":{"Status Code":200,"API":"/history"},"timestamp":"2026-06-29 12:51:02,283+0530","service":"FyersAPIRequest"}
{"level":"DEBUG","location":"[get_call:163] fyersModel","message":{"Status Code":200,"API":"/options-chain-v3"},"timestamp":"2026-06-29 12:51:02,355+0530","service":"FyersAPIRequest"}
{"level":"DEBUG","location":"[get_call:163] fyersModel","message":{"Status Code":200,"API":"/history"},"timestamp":"2026-06-29 12:52:02,696+0530","service":"FyersAPIRequest"}
{"level":"DEBUG","location":"[get_call:163] fyersModel","message":{"Status Code":200,"API":"/options-chain-v3"},"timestamp":"2026-06-29 12:52:02,773+0530","service":"FyersAPIRequest"}
{"level":"DEBUG","location":"[get_call:163] fyersModel","message":{"Status Code":200,"API":"/history"},"timestamp":"2026-06-29 12:53:02,946+0530","service":"FyersAPIRequest"}
{"level":"DEBUG","location":"[get_call:163] fyersModel","message":{"Status Code":200,"API":"/options-chain-v3"},"timestamp":"2026-06-29 12:53:03,090+0530","service":"FyersAPIRequest"}
{"level":"DEBUG","location":"[get_call:163] fyersModel","message":{"Status Code":200,"API":"/history"},"timestamp":"2026-06-29 12:54:03,225+0530","service":"FyersAPIRequest"}
{"level":"DEBUG","location":"[get_call:163] fyersModel","message":{"Status Code":200,"API":"/options-chain-v3"},"timestamp":"2026-06-29 12:54:03,334+0530","service":"FyersAPIRequest"}
{"level":"DEBUG","location":"[get_call:163] fyersModel","message":{"Status Code":200,"API":"/profile"},"timestamp":"2026-06-29 12:58:05,265+0530","service":"FyersAPIRequest"}
{"level":"DEBUG","location":"[get_call:163] fyersModel","message":{"Status Code":200,"API":"/history"},"timestamp":"2026-06-29 12:58:05,365+0530","service":"FyersAPIRequest"}
{"level":"DEBUG","location":"[get_call:163] fyersModel","message":{"Status Code":200,"API":"/options-chain-v3"},"timestamp":"2026-06-29 12:58:05,444+0530","service":"FyersAPIRequest"}
{"level":"DEBUG","location":"[get_call:163] fyersModel","message":{"Status Code":200,"API":"/history"},"timestamp":"2026-06-29 12:59:05,551+0530","service":"FyersAPIRequest"}
{"level":"DEBUG","location":"[get_call:163] fyersModel","message":{"Status Code":200,"API":"/options-chain-v3"},"timestamp":"2026-06-29 12:59:05,622+0530","service":"FyersAPIRequest"}
{"level":"DEBUG","location":"[get_call:163] fyersModel","message":{"Status Code":200,"API":"/profile"},"timestamp":"2026-06-29 12:59:22,681+0530","service":"FyersAPIRequest"}
{"level":"DEBUG","location":"[get_call:163] fyersModel","message":{"Status Code":200,"API":"/quotes"},"timestamp":"2026-06-29 12:59:22,747+0530","service":"FyersAPIRequest"}
{"level":"DEBUG","location":"[get_call:163] fyersModel","message":{"Status Code":200,"API":"/options-chain-v3"},"timestamp":"2026-06-29 12:59:22,810+0530","service":"FyersAPIRequest"}
{"level":"DEBUG","location":"[get_call:163] fyersModel","message":{"Status Code":200,"API":"/quotes"},"timestamp":"2026-06-29 12:59:22,894+0530","service":"FyersAPIRequest"}
{"level":"DEBUG","location":"[get_call:163] fyersModel","message":{"Status Code":200,"API":"/options-chain-v3"},"timestamp":"2026-06-29 12:59:22,953+0530","service":"FyersAPIRequest"}
{"level":"DEBUG","location":"[get_call:163] fyersModel","message":{"Status Code":200,"API":"/quotes"},"timestamp":"2026-06-29 12:59:23,004+0530","service":"FyersAPIRequest"}
{"level":"DEBUG","location":"[get_call:163] fyersModel","message":{"Status Code":200,"API":"/options-chain-v3"},"timestamp":"2026-06-29 12:59:23,061+0530","service":"FyersAPIRequest"}
{"level":"DEBUG","location":"[get_call:163] fyersModel","message":{"Status Code":200,"API":"/quotes"},"timestamp":"2026-06-29 12:59:23,146+0530","service":"FyersAPIRequest"}
{"level":"DEBUG","location":"[get_call:163] fyersModel","message":{"Status Code":200,"API":"/options-chain-v3"},"timestamp":"2026-06-29 12:59:23,208+0530","service":"FyersAPIRequest"}
{"level":"DEBUG","location":"[get_call:163] fyersModel","message":{"Status Code":200,"API":"/history"},"timestamp":"2026-06-29 13:00:05,714+0530","service":"FyersAPIRequest"}
{"level":"DEBUG","location":"[get_call:163] fyersModel","message":{"Status Code":200,"API":"/options-chain-v3"},"timestamp":"2026-06-29 13:00:05,814+0530","service":"FyersAPIRequest"}
{"level":"DEBUG","location":"[get_call:163] fyersModel","message":{"Status Code":200,"API":"/history"},"timestamp":"2026-06-29 13:01:05,917+0530","service":"FyersAPIRequest"}
{"level":"DEBUG","location":"[get_call:163] fyersModel","message":{"Status Code":200,"API":"/options-chain-v3"},"timestamp":"2026-06-29 13:01:05,997+0530","service":"FyersAPIRequest"}
{"level":"DEBUG","location":"[get_call:163] fyersModel","message":{"Status Code":200,"API":"/history"},"timestamp":"2026-06-29 13:02:06,151+0530","service":"FyersAPIRequest"}
{"level":"DEBUG","location":"[get_call:163] fyersModel","message":{"Status Code":200,"API":"/options-chain-v3"},"timestamp":"2026-06-29 13:02:06,232+0530","service":"FyersAPIRequest"}
{"level":"DEBUG","location":"[get_call:163] fyersModel","message":{"Status Code":200,"API":"/history"},"timestamp":"2026-06-29 13:03:06,408+0530","service":"FyersAPIRequest"}
{"level":"DEBUG","location":"[get_call:163] fyersModel","message":{"Status Code":200,"API":"/options-chain-v3"},"timestamp":"2026-06-29 13:03:06,496+0530","service":"FyersAPIRequest"}
{"level":"DEBUG","location":"[get_call:163] fyersModel","message":{"Status Code":200,"API":"/history"},"timestamp":"2026-06-29 13:04:06,613+0530","service":"FyersAPIRequest"}
{"level":"DEBUG","location":"[get_call:163] fyersModel","message":{"Status Code":200,"API":"/options-chain-v3"},"timestamp":"2026-06-29 13:04:06,682+0530","service":"FyersAPIRequest"}
{"level":"DEBUG","location":"[get_call:163] fyersModel","message":{"Status Code":200,"API":"/quotes"},"timestamp":"2026-06-29 13:04:23,311+0530","service":"FyersAPIRequest"}
{"level":"DEBUG","location":"[get_call:163] fyersModel","message":{"Status Code":200,"API":"/options-chain-v3"},"timestamp":"2026-06-29 13:04:23,379+0530","service":"FyersAPIRequest"}
{"level":"DEBUG","location":"[get_call:163] fyersModel","message":{"Status Code":200,"API":"/quotes"},"timestamp":"2026-06-29 13:04:23,442+0530","service":"FyersAPIRequest"}
{"level":"DEBUG","location":"[get_call:163] fyersModel","message":{"Status Code":200,"API":"/options-chain-v3"},"timestamp":"2026-06-29 13:04:23,527+0530","service":"FyersAPIRequest"}
{"level":"DEBUG","location":"[get_call:163] fyersModel","message":{"Status Code":200,"API":"/quotes"},"timestamp":"2026-06-29 13:04:23,594+0530","service":"FyersAPIRequest"}
{"level":"DEBUG","location":"[get_call:163] fyersModel","message":{"Status Code":200,"API":"/options-chain-v3"},"timestamp":"2026-06-29 13:04:23,657+0530","service":"FyersAPIRequest"}
{"level":"DEBUG","location":"[get_call:163] fyersModel","message":{"Status Code":200,"API":"/quotes"},"timestamp":"2026-06-29 13:04:23,724+0530","service":"FyersAPIRequest"}
{"level":"DEBUG","location":"[get_call:163] fyersModel","message":{"Status Code":200,"API":"/options-chain-v3"},"timestamp":"2026-06-29 13:04:23,791+0530","service":"FyersAPIRequest"}
{"level":"DEBUG","location":"[get_call:163] fyersModel","message":{"Status Code":200,"API":"/history"},"timestamp":"2026-06-29 13:05:06,797+0530","service":"FyersAPIRequest"}
{"level":"DEBUG","location":"[get_call:163] fyersModel","message":{"Status Code":200,"API":"/options-chain-v3"},"timestamp":"2026-06-29 13:05:06,861+0530","service":"FyersAPIRequest"}
{"level":"DEBUG","location":"[get_call:163] fyersModel","message":{"Status Code":200,"API":"/history"},"timestamp":"2026-06-29 13:06:07,004+0530","service":"FyersAPIRequest"}
{"level":"DEBUG","location":"[get_call:163] fyersModel","message":{"Status Code":200,"API":"/options-chain-v3"},"timestamp":"2026-06-29 13:06:07,086+0530","service":"FyersAPIRequest"}
{"level":"DEBUG","location":"[get_call:163] fyersModel","message":{"Status Code":200,"API":"/history"},"timestamp":"2026-06-29 13:07:07,148+0530","service":"FyersAPIRequest"}
{"level":"DEBUG","location":"[get_call:163] fyersModel","message":{"Status Code":200,"API":"/options-chain-v3"},"timestamp":"2026-06-29 13:07:07,221+0530","service":"FyersAPIRequest"}
{"level":"DEBUG","location":"[get_call:163] fyersModel","message":{"Status Code":200,"API":"/history"},"timestamp":"2026-06-29 13:08:07,322+0530","service":"FyersAPIRequest"}
{"level":"DEBUG","location":"[get_call:163] fyersModel","message":{"Status Code":200,"API":"/options-chain-v3"},"timestamp":"2026-06-29 13:08:07,386+0530","service":"FyersAPIRequest"}
{"level":"DEBUG","location":"[get_call:163] fyersModel","message":{"Status Code":200,"API":"/history"},"timestamp":"2026-06-29 13:09:07,521+0530","service":"FyersAPIRequest"}
{"level":"DEBUG","location":"[get_call:163] fyersModel","message":{"Status Code":200,"API":"/options-chain-v3"},"timestamp":"2026-06-29 13:09:07,585+0530","service":"FyersAPIRequest"}
{"level":"DEBUG","location":"[get_call:163] fyersModel","message":{"Status Code":200,"API":"/quotes"},"timestamp":"2026-06-29 13:09:23,917+0530","service":"FyersAPIRequest"}
{"level":"DEBUG","location":"[get_call:163] fyersModel","message":{"Status Code":200,"API":"/options-chain-v3"},"timestamp":"2026-06-29 13:09:23,978+0530","service":"FyersAPIRequest"}
{"level":"DEBUG","location":"[get_call:163] fyersModel","message":{"Status Code":200,"API":"/quotes"},"timestamp":"2026-06-29 13:09:24,038+0530","service":"FyersAPIRequest"}
{"level":"DEBUG","location":"[get_call:163] fyersModel","message":{"Status Code":200,"API":"/options-chain-v3"},"timestamp":"2026-06-29 13:09:24,093+0530","service":"FyersAPIRequest"}
{"level":"DEBUG","location":"[get_call:163] fyersModel","message":{"Status Code":200,"API":"/quotes"},"timestamp":"2026-06-29 13:09:24,165+0530","service":"FyersAPIRequest"}
{"level":"DEBUG","location":"[get_call:163] fyersModel","message":{"Status Code":200,"API":"/options-chain-v3"},"timestamp":"2026-06-29 13:09:24,224+0530","service":"FyersAPIRequest"}
{"level":"DEBUG","location":"[get_call:163] fyersModel","message":{"Status Code":200,"API":"/quotes"},"timestamp":"2026-06-29 13:09:24,288+0530","service":"FyersAPIRequest"}
{"level":"DEBUG","location":"[get_call:163] fyersModel","message":{"Status Code":200,"API":"/options-chain-v3"},"timestamp":"2026-06-29 13:09:24,374+0530","service":"FyersAPIRequest"}
{"level":"DEBUG","location":"[get_call:163] fyersModel","message":{"Status Code":200,"API":"/history"},"timestamp":"2026-06-29 13:10:07,997+0530","service":"FyersAPIRequest"}
{"level":"DEBUG","location":"[get_call:163] fyersModel","message":{"Status Code":200,"API":"/options-chain-v3"},"timestamp":"2026-06-29 13:10:08,088+0530","service":"FyersAPIRequest"}
{"level":"DEBUG","location":"[get_call:163] fyersModel","message":{"Status Code":200,"API":"/history"},"timestamp":"2026-06-29 13:11:08,201+0530","service":"FyersAPIRequest"}
{"level":"DEBUG","location":"[get_call:163] fyersModel","message":{"Status Code":200,"API":"/options-chain-v3"},"timestamp":"2026-06-29 13:11:08,265+0530","service":"FyersAPIRequest"}
{"level":"DEBUG","location":"[get_call:163] fyersModel","message":{"Status Code":200,"API":"/history"},"timestamp":"2026-06-29 13:12:08,387+0530","service":"FyersAPIRequest"}
{"level":"DEBUG","location":"[get_call:163] fyersModel","message":{"Status Code":200,"API":"/options-chain-v3"},"timestamp":"2026-06-29 13:12:08,483+0530","service":"FyersAPIRequest"}
{"level":"DEBUG","location":"[get_call:163] fyersModel","message":{"Status Code":200,"API":"/history"},"timestamp":"2026-06-29 13:13:08,643+0530","service":"FyersAPIRequest"}
{"level":"DEBUG","location":"[get_call:163] fyersModel","message":{"Status Code":200,"API":"/options-chain-v3"},"timestamp":"2026-06-29 13:13:08,715+0530","service":"FyersAPIRequest"}
{"level":"DEBUG","location":"[get_call:163] fyersModel","message":{"Status Code":200,"API":"/history"},"timestamp":"2026-06-29 13:14:08,919+0530","service":"FyersAPIRequest"}
{"level":"DEBUG","location":"[get_call:163] fyersModel","message":{"Status Code":200,"API":"/options-chain-v3"},"timestamp":"2026-06-29 13:14:09,171+0530","service":"FyersAPIRequest"}
{"level":"DEBUG","location":"[get_call:163] fyersModel","message":{"Status Code":200,"API":"/quotes"},"timestamp":"2026-06-29 13:14:24,441+0530","service":"FyersAPIRequest"}
{"level":"DEBUG","location":"[get_call:163] fyersModel","message":{"Status Code":200,"API":"/options-chain-v3"},"timestamp":"2026-06-29 13:14:24,507+0530","service":"FyersAPIRequest"}
{"level":"DEBUG","location":"[get_call:163] fyersModel","message":{"Status Code":200,"API":"/quotes"},"timestamp":"2026-06-29 13:14:24,572+0530","service":"FyersAPIRequest"}
{"level":"DEBUG","location":"[get_call:163] fyersModel","message":{"Status Code":200,"API":"/options-chain-v3"},"timestamp":"2026-06-29 13:14:24,652+0530","service":"FyersAPIRequest"}
{"level":"DEBUG","location":"[get_call:163] fyersModel","message":{"Status Code":200,"API":"/quotes"},"timestamp":"2026-06-29 13:14:24,717+0530","service":"FyersAPIRequest"}
{"level":"DEBUG","location":"[get_call:163] fyersModel","message":{"Status Code":200,"API":"/options-chain-v3"},"timestamp":"2026-06-29 13:14:24,797+0530","service":"FyersAPIRequest"}
{"level":"DEBUG","location":"[get_call:163] fyersModel","message":{"Status Code":200,"API":"/quotes"},"timestamp":"2026-06-29 13:14:24,869+0530","service":"FyersAPIRequest"}
{"level":"DEBUG","location":"[get_call:163] fyersModel","message":{"Status Code":200,"API":"/options-chain-v3"},"timestamp":"2026-06-29 13:14:24,954+0530","service":"FyersAPIRequest"}
{"level":"DEBUG","location":"[get_call:163] fyersModel","message":{"Status Code":200,"API":"/history"},"timestamp":"2026-06-29 13:15:09,308+0530","service":"FyersAPIRequest"}
{"level":"DEBUG","location":"[get_call:163] fyersModel","message":{"Status Code":200,"API":"/options-chain-v3"},"timestamp":"2026-06-29 13:15:09,375+0530","service":"FyersAPIRequest"}
{"level":"DEBUG","location":"[get_call:163] fyersModel","message":{"Status Code":200,"API":"/history"},"timestamp":"2026-06-29 13:16:09,548+0530","service":"FyersAPIRequest"}
{"level":"DEBUG","location":"[get_call:163] fyersModel","message":{"Status Code":200,"API":"/options-chain-v3"},"timestamp":"2026-06-29 13:16:09,630+0530","service":"FyersAPIRequest"}
{"level":"DEBUG","location":"[get_call:163] fyersModel","message":{"Status Code":200,"API":"/history"},"timestamp":"2026-06-29 13:17:09,780+0530","service":"FyersAPIRequest"}
{"level":"DEBUG","location":"[get_call:163] fyersModel","message":{"Status Code":200,"API":"/options-chain-v3"},"timestamp":"2026-06-29 13:17:09,845+0530","service":"FyersAPIRequest"}
{"level":"DEBUG","location":"[get_call:163] fyersModel","message":{"Status Code":200,"API":"/history"},"timestamp":"2026-06-29 13:18:09,977+0530","service":"FyersAPIRequest"}
{"level":"DEBUG","location":"[get_call:163] fyersModel","message":{"Status Code":200,"API":"/options-chain-v3"},"timestamp":"2026-06-29 13:18:10,059+0530","service":"FyersAPIRequest"}
{"level":"DEBUG","location":"[get_call:163] fyersModel","message":{"Status Code":200,"API":"/history"},"timestamp":"2026-06-29 13:19:10,155+0530","service":"FyersAPIRequest"}
{"level":"DEBUG","location":"[get_call:163] fyersModel","message":{"Status Code":200,"API":"/options-chain-v3"},"timestamp":"2026-06-29 13:19:10,242+0530","service":"FyersAPIRequest"}
{"level":"DEBUG","location":"[get_call:163] fyersModel","message":{"Status Code":200,"API":"/quotes"},"timestamp":"2026-06-29 13:19:25,033+0530","service":"FyersAPIRequest"}
{"level":"DEBUG","location":"[get_call:163] fyersModel","message":{"Status Code":200,"API":"/options-chain-v3"},"timestamp":"2026-06-29 13:19:25,107+0530","service":"FyersAPIRequest"}
{"level":"DEBUG","location":"[get_call:163] fyersModel","message":{"Status Code":200,"API":"/quotes"},"timestamp":"2026-06-29 13:19:25,166+0530","service":"FyersAPIRequest"}
{"level":"DEBUG","location":"[get_call:163] fyersModel","message":{"Status Code":200,"API":"/options-chain-v3"},"timestamp":"2026-06-29 13:19:25,273+0530","service":"FyersAPIRequest"}
{"level":"DEBUG","location":"[get_call:163] fyersModel","message":{"Status Code":200,"API":"/quotes"},"timestamp":"2026-06-29 13:19:25,338+0530","service":"FyersAPIRequest"}
{"level":"DEBUG","location":"[get_call:163] fyersModel","message":{"Status Code":200,"API":"/options-chain-v3"},"timestamp":"2026-06-29 13:19:25,406+0530","service":"FyersAPIRequest"}
{"level":"DEBUG","location":"[get_call:163] fyersModel","message":{"Status Code":200,"API":"/quotes"},"timestamp":"2026-06-29 13:19:25,478+0530","service":"FyersAPIRequest"}
{"level":"DEBUG","location":"[get_call:163] fyersModel","message":{"Status Code":200,"API":"/options-chain-v3"},"timestamp":"2026-06-29 13:19:25,551+0530","service":"FyersAPIRequest"}
{"level":"DEBUG","location":"[get_call:163] fyersModel","message":{"Status Code":200,"API":"/history"},"timestamp":"2026-06-29 13:20:10,350+0530","service":"FyersAPIRequest"}
{"level":"DEBUG","location":"[get_call:163] fyersModel","message":{"Status Code":200,"API":"/options-chain-v3"},"timestamp":"2026-06-29 13:20:10,417+0530","service":"FyersAPIRequest"}
{"level":"DEBUG","location":"[get_call:163] fyersModel","message":{"Status Code":200,"API":"/history"},"timestamp":"2026-06-29 13:21:10,529+0530","service":"FyersAPIRequest"}
{"level":"DEBUG","location":"[get_call:163] fyersModel","message":{"Status Code":200,"API":"/options-chain-v3"},"timestamp":"2026-06-29 13:21:10,612+0530","service":"FyersAPIRequest"}
{"level":"DEBUG","location":"[get_call:163] fyersModel","message":{"Status Code":200,"API":"/history"},"timestamp":"2026-06-29 13:22:10,731+0530","service":"FyersAPIRequest"}
{"level":"DEBUG","location":"[get_call:163] fyersModel","message":{"Status Code":200,"API":"/options-chain-v3"},"timestamp":"2026-06-29 13:22:10,811+0530","service":"FyersAPIRequest"}
{"level":"DEBUG","location":"[get_call:163] fyersModel","message":{"Status Code":200,"API":"/history"},"timestamp":"2026-06-29 13:23:10,896+0530","service":"FyersAPIRequest"}
{"level":"DEBUG","location":"[get_call:163] fyersModel","message":{"Status Code":200,"API":"/options-chain-v3"},"timestamp":"2026-06-29 13:23:10,985+0530","service":"FyersAPIRequest"}
{"level":"DEBUG","location":"[get_call:163] fyersModel","message":{"Status Code":200,"API":"/profile"},"timestamp":"2026-06-29 13:23:56,422+0530","service":"FyersAPIRequest"}
{"level":"DEBUG","location":"[get_call:163] fyersModel","message":{"Status Code":200,"API":"/options-chain-v3"},"timestamp":"2026-06-29 13:23:56,505+0530","service":"FyersAPIRequest"}
{"level":"DEBUG","location":"[get_call:163] fyersModel","message":{"Status Code":200,"API":"/options-chain-v3"},"timestamp":"2026-06-29 13:23:56,590+0530","service":"FyersAPIRequest"}
{"level":"DEBUG","location":"[get_call:163] fyersModel","message":{"Status Code":200,"API":"/options-chain-v3"},"timestamp":"2026-06-29 13:23:56,692+0530","service":"FyersAPIRequest"}
{"level":"DEBUG","location":"[get_call:163] fyersModel","message":{"Status Code":200,"API":"/options-chain-v3"},"timestamp":"2026-06-29 13:23:56,773+0530","service":"FyersAPIRequest"}
{"level":"DEBUG","location":"[get_call:163] fyersModel","message":{"Status Code":200,"API":"/history"},"timestamp":"2026-06-29 13:24:11,086+0530","service":"FyersAPIRequest"}
{"level":"DEBUG","location":"[get_call:163] fyersModel","message":{"Status Code":200,"API":"/options-chain-v3"},"timestamp":"2026-06-29 13:24:11,159+0530","service":"FyersAPIRequest"}
{"level":"DEBUG","location":"[get_call:163] fyersModel","message":{"Status Code":200,"API":"/history"},"timestamp":"2026-06-29 13:25:11,265+0530","service":"FyersAPIRequest"}
{"level":"DEBUG","location":"[get_call:163] fyersModel","message":{"Status Code":200,"API":"/options-chain-v3"},"timestamp":"2026-06-29 13:25:11,338+0530","service":"FyersAPIRequest"}
{"level":"DEBUG","location":"[get_call:163] fyersModel","message":{"Status Code":200,"API":"/history"},"timestamp":"2026-06-29 13:26:11,562+0530","service":"FyersAPIRequest"}
{"level":"DEBUG","location":"[get_call:163] fyersModel","message":{"Status Code":200,"API":"/options-chain-v3"},"timestamp":"2026-06-29 13:26:11,628+0530","service":"FyersAPIRequest"}
{"level":"DEBUG","location":"[get_call:163] fyersModel","message":{"Status Code":200,"API":"/history"},"timestamp":"2026-06-29 13:27:12,340+0530","service":"FyersAPIRequest"}
{"level":"DEBUG","location":"[get_call:163] fyersModel","message":{"Status Code":200,"API":"/options-chain-v3"},"timestamp":"2026-06-29 13:27:12,438+0530","service":"FyersAPIRequest"}
{"level":"DEBUG","location":"[get_call:163] fyersModel","message":{"Status Code":200,"API":"/profile"},"timestamp":"2026-06-29 13:27:51,986+0530","service":"FyersAPIRequest"}
{"level":"DEBUG","location":"[get_call:163] fyersModel","message":{"Status Code":200,"API":"/options-chain-v3"},"timestamp":"2026-06-29 13:27:52,056+0530","service":"FyersAPIRequest"}
{"level":"DEBUG","location":"[get_call:163] fyersModel","message":{"Status Code":200,"API":"/options-chain-v3"},"timestamp":"2026-06-29 13:27:52,132+0530","service":"FyersAPIRequest"}
{"level":"DEBUG","location":"[get_call:163] fyersModel","message":{"Status Code":200,"API":"/options-chain-v3"},"timestamp":"2026-06-29 13:27:52,233+0530","service":"FyersAPIRequest"}
{"level":"DEBUG","location":"[get_call:163] fyersModel","message":{"Status Code":200,"API":"/options-chain-v3"},"timestamp":"2026-06-29 13:27:52,317+0530","service":"FyersAPIRequest"}
{"level":"DEBUG","location":"[get_call:163] fyersModel","message":{"Status Code":200,"API":"/history"},"timestamp":"2026-06-29 13:28:12,508+0530","service":"FyersAPIRequest"}
{"level":"DEBUG","location":"[get_call:163] fyersModel","message":{"Status Code":200,"API":"/options-chain-v3"},"timestamp":"2026-06-29 13:28:12,590+0530","service":"FyersAPIRequest"}
{"level":"DEBUG","location":"[get_call:163] fyersModel","message":{"Status Code":200,"API":"/history"},"timestamp":"2026-06-29 13:29:12,701+0530","service":"FyersAPIRequest"}
{"level":"DEBUG","location":"[get_call:163] fyersModel","message":{"Status Code":200,"API":"/options-chain-v3"},"timestamp":"2026-06-29 13:29:12,775+0530","service":"FyersAPIRequest"}
{"level":"DEBUG","location":"[get_call:163] fyersModel","message":{"Status Code":200,"API":"/history"},"timestamp":"2026-06-29 13:30:12,864+0530","service":"FyersAPIRequest"}
{"level":"DEBUG","location":"[get_call:163] fyersModel","message":{"Status Code":200,"API":"/options-chain-v3"},"timestamp":"2026-06-29 13:30:12,929+0530","service":"FyersAPIRequest"}
{"level":"DEBUG","location":"[get_call:163] fyersModel","message":{"Status Code":200,"API":"/history"},"timestamp":"2026-06-29 13:31:13,025+0530","service":"FyersAPIRequest"}
{"level":"DEBUG","location":"[get_call:163] fyersModel","message":{"Status Code":200,"API":"/options-chain-v3"},"timestamp":"2026-06-29 13:31:13,103+0530","service":"FyersAPIRequest"}
{"level":"DEBUG","location":"[get_call:163] fyersModel","message":{"Status Code":200,"API":"/history"},"timestamp":"2026-06-29 13:32:13,194+0530","service":"FyersAPIRequest"}
{"level":"DEBUG","location":"[get_call:163] fyersModel","message":{"Status Code":200,"API":"/options-chain-v3"},"timestamp":"2026-06-29 13:32:13,261+0530","service":"FyersAPIRequest"}
{"level":"DEBUG","location":"[get_call:163] fyersModel","message":{"Status Code":200,"API":"/options-chain-v3"},"timestamp":"2026-06-29 13:32:52,425+0530","service":"FyersAPIRequest"}
{"level":"DEBUG","location":"[get_call:163] fyersModel","message":{"Status Code":200,"API":"/options-chain-v3"},"timestamp":"2026-06-29 13:32:52,512+0530","service":"FyersAPIRequest"}
{"level":"DEBUG","location":"[get_call:163] fyersModel","message":{"Status Code":200,"API":"/options-chain-v3"},"timestamp":"2026-06-29 13:32:52,597+0530","service":"FyersAPIRequest"}
{"level":"DEBUG","location":"[get_call:163] fyersModel","message":{"Status Code":200,"API":"/options-chain-v3"},"timestamp":"2026-06-29 13:32:52,680+0530","service":"FyersAPIRequest"}
{"level":"DEBUG","location":"[get_call:163] fyersModel","message":{"Status Code":200,"API":"/history"},"timestamp":"2026-06-29 13:33:13,347+0530","service":"FyersAPIRequest"}
{"level":"DEBUG","location":"[get_call:163] fyersModel","message":{"Status Code":200,"API":"/options-chain-v3"},"timestamp":"2026-06-29 13:33:13,412+0530","service":"FyersAPIRequest"}
{"level":"DEBUG","location":"[get_call:163] fyersModel","message":{"Status Code":200,"API":"/history"},"timestamp":"2026-06-29 13:34:13,516+0530","service":"FyersAPIRequest"}
{"level":"DEBUG","location":"[get_call:163] fyersModel","message":{"Status Code":200,"API":"/options-chain-v3"},"timestamp":"2026-06-29 13:34:13,583+0530","service":"FyersAPIRequest"}
{"level":"DEBUG","location":"[get_call:163] fyersModel","message":{"Status Code":200,"API":"/history"},"timestamp":"2026-06-29 13:35:13,750+0530","service":"FyersAPIRequest"}
{"level":"DEBUG","location":"[get_call:163] fyersModel","message":{"Status Code":200,"API":"/options-chain-v3"},"timestamp":"2026-06-29 13:35:13,844+0530","service":"FyersAPIRequest"}
{"level":"DEBUG","location":"[get_call:163] fyersModel","message":{"Status Code":200,"API":"/history"},"timestamp":"2026-06-29 13:36:13,925+0530","service":"FyersAPIRequest"}
{"level":"DEBUG","location":"[get_call:163] fyersModel","message":{"Status Code":200,"API":"/options-chain-v3"},"timestamp":"2026-06-29 13:36:14,025+0530","service":"FyersAPIRequest"}
{"level":"DEBUG","location":"[get_call:163] fyersModel","message":{"Status Code":200,"API":"/history"},"timestamp":"2026-06-29 13:37:14,154+0530","service":"FyersAPIRequest"}
{"level":"DEBUG","location":"[get_call:163] fyersModel","message":{"Status Code":200,"API":"/options-chain-v3"},"timestamp":"2026-06-29 13:37:14,222+0530","service":"FyersAPIRequest"}
{"level":"DEBUG","location":"[get_call:163] fyersModel","message":{"Status Code":200,"API":"/options-chain-v3"},"timestamp":"2026-06-29 13:37:52,775+0530","service":"FyersAPIRequest"}
{"level":"DEBUG","location":"[get_call:163] fyersModel","message":{"Status Code":200,"API":"/options-chain-v3"},"timestamp":"2026-06-29 13:37:52,859+0530","service":"FyersAPIRequest"}
{"level":"DEBUG","location":"[get_call:163] fyersModel","message":{"Status Code":200,"API":"/options-chain-v3"},"timestamp":"2026-06-29 13:37:52,954+0530","service":"FyersAPIRequest"}
{"level":"DEBUG","location":"[get_call:163] fyersModel","message":{"Status Code":200,"API":"/options-chain-v3"},"timestamp":"2026-06-29 13:37:53,049+0530","service":"FyersAPIRequest"}
{"level":"DEBUG","location":"[get_call:163] fyersModel","message":{"Status Code":200,"API":"/history"},"timestamp":"2026-06-29 13:38:14,324+0530","service":"FyersAPIRequest"}
{"level":"DEBUG","location":"[get_call:163] fyersModel","message":{"Status Code":200,"API":"/options-chain-v3"},"timestamp":"2026-06-29 13:38:14,396+0530","service":"FyersAPIRequest"}
{"level":"DEBUG","location":"[get_call:163] fyersModel","message":{"Status Code":200,"API":"/history"},"timestamp":"2026-06-29 13:39:14,485+0530","service":"FyersAPIRequest"}
{"level":"DEBUG","location":"[get_call:163] fyersModel","message":{"Status Code":200,"API":"/options-chain-v3"},"timestamp":"2026-06-29 13:39:14,547+0530","service":"FyersAPIRequest"}
{"level":"DEBUG","location":"[get_call:163] fyersModel","message":{"Status Code":200,"API":"/profile"},"timestamp":"2026-06-29 13:39:30,622+0530","service":"FyersAPIRequest"}
{"level":"DEBUG","location":"[get_call:163] fyersModel","message":{"Status Code":200,"API":"/history"},"timestamp":"2026-06-29 13:39:30,697+0530","service":"FyersAPIRequest"}
{"level":"DEBUG","location":"[get_call:163] fyersModel","message":{"Status Code":200,"API":"/options-chain-v3"},"timestamp":"2026-06-29 13:39:30,776+0530","service":"FyersAPIRequest"}
{"level":"DEBUG","location":"[get_call:163] fyersModel","message":{"Status Code":200,"API":"/history"},"timestamp":"2026-06-29 13:40:30,852+0530","service":"FyersAPIRequest"}
{"level":"DEBUG","location":"[get_call:163] fyersModel","message":{"Status Code":200,"API":"/options-chain-v3"},"timestamp":"2026-06-29 13:40:30,931+0530","service":"FyersAPIRequest"}
{"level":"DEBUG","location":"[get_call:163] fyersModel","message":{"Status Code":200,"API":"/history"},"timestamp":"2026-06-29 13:41:31,016+0530","service":"FyersAPIRequest"}
{"level":"DEBUG","location":"[get_call:163] fyersModel","message":{"Status Code":200,"API":"/options-chain-v3"},"timestamp":"2026-06-29 13:41:31,102+0530","service":"FyersAPIRequest"}
{"level":"DEBUG","location":"[get_call:163] fyersModel","message":{"Status Code":200,"API":"/history"},"timestamp":"2026-06-29 13:42:31,196+0530","service":"FyersAPIRequest"}
{"level":"DEBUG","location":"[get_call:163] fyersModel","message":{"Status Code":200,"API":"/options-chain-v3"},"timestamp":"2026-06-29 13:42:31,282+0530","service":"FyersAPIRequest"}
{"level":"DEBUG","location":"[get_call:163] fyersModel","message":{"Status Code":200,"API":"/options-chain-v3"},"timestamp":"2026-06-29 13:42:53,142+0530","service":"FyersAPIRequest"}
{"level":"DEBUG","location":"[get_call:163] fyersModel","message":{"Status Code":200,"API":"/options-chain-v3"},"timestamp":"2026-06-29 13:42:53,222+0530","service":"FyersAPIRequest"}
{"level":"DEBUG","location":"[get_call:163] fyersModel","message":{"Status Code":200,"API":"/options-chain-v3"},"timestamp":"2026-06-29 13:42:53,323+0530","service":"FyersAPIRequest"}
{"level":"DEBUG","location":"[get_call:163] fyersModel","message":{"Status Code":200,"API":"/options-chain-v3"},"timestamp":"2026-06-29 13:42:53,421+0530","service":"FyersAPIRequest"}
{"level":"DEBUG","location":"[get_call:163] fyersModel","message":{"Status Code":200,"API":"/history"},"timestamp":"2026-06-29 13:43:31,359+0530","service":"FyersAPIRequest"}
{"level":"DEBUG","location":"[get_call:163] fyersModel","message":{"Status Code":200,"API":"/options-chain-v3"},"timestamp":"2026-06-29 13:43:31,439+0530","service":"FyersAPIRequest"}
{"level":"DEBUG","location":"[get_call:163] fyersModel","message":{"Status Code":200,"API":"/history"},"timestamp":"2026-06-29 13:44:31,540+0530","service":"FyersAPIRequest"}
{"level":"DEBUG","location":"[get_call:163] fyersModel","message":{"Status Code":200,"API":"/options-chain-v3"},"timestamp":"2026-06-29 13:44:31,624+0530","service":"FyersAPIRequest"}
{"level":"DEBUG","location":"[get_call:163] fyersModel","message":{"Status Code":200,"API":"/history"},"timestamp":"2026-06-29 13:45:31,773+0530","service":"FyersAPIRequest"}
{"level":"DEBUG","location":"[get_call:163] fyersModel","message":{"Status Code":200,"API":"/options-chain-v3"},"timestamp":"2026-06-29 13:45:31,838+0530","service":"FyersAPIRequest"}
{"level":"DEBUG","location":"[get_call:163] fyersModel","message":{"Status Code":200,"API":"/history"},"timestamp":"2026-06-29 13:46:31,927+0530","service":"FyersAPIRequest"}
{"level":"DEBUG","location":"[get_call:163] fyersModel","message":{"Status Code":200,"API":"/options-chain-v3"},"timestamp":"2026-06-29 13:46:31,988+0530","service":"FyersAPIRequest"}
{"level":"DEBUG","location":"[get_call:163] fyersModel","message":{"Status Code":200,"API":"/history"},"timestamp":"2026-06-29 13:47:32,062+0530","service":"FyersAPIRequest"}
{"level":"DEBUG","location":"[get_call:163] fyersModel","message":{"Status Code":200,"API":"/options-chain-v3"},"timestamp":"2026-06-29 13:47:32,161+0530","service":"FyersAPIRequest"}
{"level":"DEBUG","location":"[get_call:163] fyersModel","message":{"Status Code":200,"API":"/options-chain-v3"},"timestamp":"2026-06-29 13:47:53,532+0530","service":"FyersAPIRequest"}
{"level":"DEBUG","location":"[get_call:163] fyersModel","message":{"Status Code":200,"API":"/options-chain-v3"},"timestamp":"2026-06-29 13:47:53,603+0530","service":"FyersAPIRequest"}
{"level":"DEBUG","location":"[get_call:163] fyersModel","message":{"Status Code":200,"API":"/options-chain-v3"},"timestamp":"2026-06-29 13:47:53,685+0530","service":"FyersAPIRequest"}
{"level":"DEBUG","location":"[get_call:163] fyersModel","message":{"Status Code":200,"API":"/options-chain-v3"},"timestamp":"2026-06-29 13:47:53,765+0530","service":"FyersAPIRequest"}
{"level":"DEBUG","location":"[get_call:163] fyersModel","message":{"Status Code":200,"API":"/history"},"timestamp":"2026-06-29 13:48:32,227+0530","service":"FyersAPIRequest"}
{"level":"DEBUG","location":"[get_call:163] fyersModel","message":{"Status Code":200,"API":"/options-chain-v3"},"timestamp":"2026-06-29 13:48:32,407+0530","service":"FyersAPIRequest"}
{"level":"DEBUG","location":"[get_call:163] fyersModel","message":{"Status Code":200,"API":"/history"},"timestamp":"2026-06-29 13:49:32,506+0530","service":"FyersAPIRequest"}
{"level":"DEBUG","location":"[get_call:163] fyersModel","message":{"Status Code":200,"API":"/options-chain-v3"},"timestamp":"2026-06-29 13:49:32,584+0530","service":"FyersAPIRequest"}
{"level":"DEBUG","location":"[get_call:163] fyersModel","message":{"Status Code":200,"API":"/history"},"timestamp":"2026-06-29 13:50:32,662+0530","service":"FyersAPIRequest"}
{"level":"DEBUG","location":"[get_call:163] fyersModel","message":{"Status Code":200,"API":"/options-chain-v3"},"timestamp":"2026-06-29 13:50:32,746+0530","service":"FyersAPIRequest"}
{"level":"DEBUG","location":"[get_call:163] fyersModel","message":{"Status Code":200,"API":"/history"},"timestamp":"2026-06-29 13:51:32,831+0530","service":"FyersAPIRequest"}
{"level":"DEBUG","location":"[get_call:163] fyersModel","message":{"Status Code":200,"API":"/options-chain-v3"},"timestamp":"2026-06-29 13:51:32,914+0530","service":"FyersAPIRequest"}
{"level":"DEBUG","location":"[get_call:163] fyersModel","message":{"Status Code":200,"API":"/history"},"timestamp":"2026-06-29 13:52:33,018+0530","service":"FyersAPIRequest"}
{"level":"DEBUG","location":"[get_call:163] fyersModel","message":{"Status Code":200,"API":"/options-chain-v3"},"timestamp":"2026-06-29 13:52:33,098+0530","service":"FyersAPIRequest"}
{"level":"DEBUG","location":"[get_call:163] fyersModel","message":{"Status Code":200,"API":"/options-chain-v3"},"timestamp":"2026-06-29 13:52:53,859+0530","service":"FyersAPIRequest"}
{"level":"DEBUG","location":"[get_call:163] fyersModel","message":{"Status Code":200,"API":"/options-chain-v3"},"timestamp":"2026-06-29 13:52:53,937+0530","service":"FyersAPIRequest"}
{"level":"DEBUG","location":"[get_call:163] fyersModel","message":{"Status Code":200,"API":"/options-chain-v3"},"timestamp":"2026-06-29 13:52:54,032+0530","service":"FyersAPIRequest"}
{"level":"DEBUG","location":"[get_call:163] fyersModel","message":{"Status Code":200,"API":"/options-chain-v3"},"timestamp":"2026-06-29 13:52:54,119+0530","service":"FyersAPIRequest"}
{"level":"DEBUG","location":"[get_call:163] fyersModel","message":{"Status Code":200,"API":"/history"},"timestamp":"2026-06-29 13:53:33,210+0530","service":"FyersAPIRequest"}
{"level":"DEBUG","location":"[get_call:163] fyersModel","message":{"Status Code":200,"API":"/options-chain-v3"},"timestamp":"2026-06-29 13:53:33,293+0530","service":"FyersAPIRequest"}
{"level":"DEBUG","location":"[get_call:163] fyersModel","message":{"Status Code":200,"API":"/history"},"timestamp":"2026-06-29 13:54:33,370+0530","service":"FyersAPIRequest"}
{"level":"DEBUG","location":"[get_call:163] fyersModel","message":{"Status Code":200,"API":"/options-chain-v3"},"timestamp":"2026-06-29 13:54:33,452+0530","service":"FyersAPIRequest"}
{"level":"DEBUG","location":"[get_call:163] fyersModel","message":{"Status Code":200,"API":"/history"},"timestamp":"2026-06-29 13:55:33,546+0530","service":"FyersAPIRequest"}
{"level":"DEBUG","location":"[get_call:163] fyersModel","message":{"Status Code":200,"API":"/options-chain-v3"},"timestamp":"2026-06-29 13:55:33,607+0530","service":"FyersAPIRequest"}
{"level":"DEBUG","location":"[get_call:163] fyersModel","message":{"Status Code":200,"API":"/history"},"timestamp":"2026-06-29 13:56:33,695+0530","service":"FyersAPIRequest"}
{"level":"DEBUG","location":"[get_call:163] fyersModel","message":{"Status Code":200,"API":"/options-chain-v3"},"timestamp":"2026-06-29 13:56:33,780+0530","service":"FyersAPIRequest"}
{"level":"DEBUG","location":"[get_call:163] fyersModel","message":{"Status Code":200,"API":"/history"},"timestamp":"2026-06-29 13:57:33,860+0530","service":"FyersAPIRequest"}
{"level":"DEBUG","location":"[get_call:163] fyersModel","message":{"Status Code":200,"API":"/options-chain-v3"},"timestamp":"2026-06-29 13:57:33,930+0530","service":"FyersAPIRequest"}
{"level":"DEBUG","location":"[get_call:163] fyersModel","message":{"Status Code":200,"API":"/options-chain-v3"},"timestamp":"2026-06-29 13:57:54,202+0530","service":"FyersAPIRequest"}
{"level":"DEBUG","location":"[get_call:163] fyersModel","message":{"Status Code":200,"API":"/options-chain-v3"},"timestamp":"2026-06-29 13:57:54,296+0530","service":"FyersAPIRequest"}
{"level":"DEBUG","location":"[get_call:163] fyersModel","message":{"Status Code":200,"API":"/options-chain-v3"},"timestamp":"2026-06-29 13:57:54,369+0530","service":"FyersAPIRequest"}
{"level":"DEBUG","location":"[get_call:163] fyersModel","message":{"Status Code":200,"API":"/options-chain-v3"},"timestamp":"2026-06-29 13:57:54,447+0530","service":"FyersAPIRequest"}
{"level":"DEBUG","location":"[get_call:163] fyersModel","message":{"Status Code":200,"API":"/history"},"timestamp":"2026-06-29 13:58:34,071+0530","service":"FyersAPIRequest"}
{"level":"DEBUG","location":"[get_call:163] fyersModel","message":{"Status Code":200,"API":"/options-chain-v3"},"timestamp":"2026-06-29 13:58:34,155+0530","service":"FyersAPIRequest"}
{"level":"DEBUG","location":"[get_call:163] fyersModel","message":{"Status Code":200,"API":"/history"},"timestamp":"2026-06-29 13:59:34,247+0530","service":"FyersAPIRequest"}
{"level":"DEBUG","location":"[get_call:163] fyersModel","message":{"Status Code":200,"API":"/options-chain-v3"},"timestamp":"2026-06-29 13:59:34,327+0530","service":"FyersAPIRequest"}
{"level":"DEBUG","location":"[get_call:163] fyersModel","message":{"Status Code":200,"API":"/history"},"timestamp":"2026-06-29 14:00:34,419+0530","service":"FyersAPIRequest"}
{"level":"DEBUG","location":"[get_call:163] fyersModel","message":{"Status Code":200,"API":"/options-chain-v3"},"timestamp":"2026-06-29 14:00:34,495+0530","service":"FyersAPIRequest"}
{"level":"DEBUG","location":"[get_call:163] fyersModel","message":{"Status Code":200,"API":"/history"},"timestamp":"2026-06-29 14:01:34,573+0530","service":"FyersAPIRequest"}
{"level":"DEBUG","location":"[get_call:163] fyersModel","message":{"Status Code":200,"API":"/options-chain-v3"},"timestamp":"2026-06-29 14:01:34,637+0530","service":"FyersAPIRequest"}
{"level":"DEBUG","location":"[get_call:163] fyersModel","message":{"Status Code":200,"API":"/history"},"timestamp":"2026-06-29 14:02:34,732+0530","service":"FyersAPIRequest"}
{"level":"DEBUG","location":"[get_call:163] fyersModel","message":{"Status Code":200,"API":"/options-chain-v3"},"timestamp":"2026-06-29 14:02:34,810+0530","service":"FyersAPIRequest"}
{"level":"DEBUG","location":"[get_call:163] fyersModel","message":{"Status Code":200,"API":"/options-chain-v3"},"timestamp":"2026-06-29 14:02:54,550+0530","service":"FyersAPIRequest"}
{"level":"DEBUG","location":"[get_call:163] fyersModel","message":{"Status Code":200,"API":"/options-chain-v3"},"timestamp":"2026-06-29 14:02:54,626+0530","service":"FyersAPIRequest"}
{"level":"DEBUG","location":"[get_call:163] fyersModel","message":{"Status Code":200,"API":"/options-chain-v3"},"timestamp":"2026-06-29 14:02:54,727+0530","service":"FyersAPIRequest"}
{"level":"DEBUG","location":"[get_call:163] fyersModel","message":{"Status Code":200,"API":"/options-chain-v3"},"timestamp":"2026-06-29 14:02:54,809+0530","service":"FyersAPIRequest"}
{"level":"DEBUG","location":"[get_call:163] fyersModel","message":{"Status Code":200,"API":"/history"},"timestamp":"2026-06-29 14:03:34,910+0530","service":"FyersAPIRequest"}
{"level":"DEBUG","location":"[get_call:163] fyersModel","message":{"Status Code":200,"API":"/options-chain-v3"},"timestamp":"2026-06-29 14:03:34,998+0530","service":"FyersAPIRequest"}
{"level":"DEBUG","location":"[get_call:163] fyersModel","message":{"Status Code":200,"API":"/history"},"timestamp":"2026-06-29 14:04:35,075+0530","service":"FyersAPIRequest"}
{"level":"DEBUG","location":"[get_call:163] fyersModel","message":{"Status Code":200,"API":"/options-chain-v3"},"timestamp":"2026-06-29 14:04:35,143+0530","service":"FyersAPIRequest"}
{"level":"DEBUG","location":"[get_call:163] fyersModel","message":{"Status Code":200,"API":"/history"},"timestamp":"2026-06-29 14:05:35,246+0530","service":"FyersAPIRequest"}
{"level":"DEBUG","location":"[get_call:163] fyersModel","message":{"Status Code":200,"API":"/options-chain-v3"},"timestamp":"2026-06-29 14:05:35,336+0530","service":"FyersAPIRequest"}
{"level":"DEBUG","location":"[get_call:163] fyersModel","message":{"Status Code":200,"API":"/history"},"timestamp":"2026-06-29 14:06:35,448+0530","service":"FyersAPIRequest"}
{"level":"DEBUG","location":"[get_call:163] fyersModel","message":{"Status Code":200,"API":"/options-chain-v3"},"timestamp":"2026-06-29 14:06:35,527+0530","service":"FyersAPIRequest"}
{"level":"DEBUG","location":"[get_call:163] fyersModel","message":{"Status Code":200,"API":"/history"},"timestamp":"2026-06-29 14:07:35,603+0530","service":"FyersAPIRequest"}
{"level":"DEBUG","location":"[get_call:163] fyersModel","message":{"Status Code":200,"API":"/options-chain-v3"},"timestamp":"2026-06-29 14:07:35,703+0530","service":"FyersAPIRequest"}
{"level":"DEBUG","location":"[get_call:163] fyersModel","message":{"Status Code":200,"API":"/options-chain-v3"},"timestamp":"2026-06-29 14:07:54,967+0530","service":"FyersAPIRequest"}
{"level":"DEBUG","location":"[get_call:163] fyersModel","message":{"Status Code":200,"API":"/options-chain-v3"},"timestamp":"2026-06-29 14:07:55,039+0530","service":"FyersAPIRequest"}
{"level":"DEBUG","location":"[get_call:163] fyersModel","message":{"Status Code":200,"API":"/options-chain-v3"},"timestamp":"2026-06-29 14:07:55,156+0530","service":"FyersAPIRequest"}
{"level":"DEBUG","location":"[get_call:163] fyersModel","message":{"Status Code":200,"API":"/options-chain-v3"},"timestamp":"2026-06-29 14:07:55,273+0530","service":"FyersAPIRequest"}
{"level":"DEBUG","location":"[get_call:163] fyersModel","message":{"Status Code":200,"API":"/history"},"timestamp":"2026-06-29 14:08:35,830+0530","service":"FyersAPIRequest"}
{"level":"DEBUG","location":"[get_call:163] fyersModel","message":{"Status Code":200,"API":"/options-chain-v3"},"timestamp":"2026-06-29 14:08:35,898+0530","service":"FyersAPIRequest"}
{"level":"DEBUG","location":"[get_call:163] fyersModel","message":{"Status Code":200,"API":"/history"},"timestamp":"2026-06-29 14:09:35,982+0530","service":"FyersAPIRequest"}
{"level":"DEBUG","location":"[get_call:163] fyersModel","message":{"Status Code":200,"API":"/options-chain-v3"},"timestamp":"2026-06-29 14:09:36,077+0530","service":"FyersAPIRequest"}
{"level":"DEBUG","location":"[get_call:163] fyersModel","message":{"Status Code":200,"API":"/history"},"timestamp":"2026-06-29 14:10:36,196+0530","service":"FyersAPIRequest"}
{"level":"DEBUG","location":"[get_call:163] fyersModel","message":{"Status Code":200,"API":"/options-chain-v3"},"timestamp":"2026-06-29 14:10:36,279+0530","service":"FyersAPIRequest"}
{"level":"DEBUG","location":"[get_call:163] fyersModel","message":{"Status Code":200,"API":"/history"},"timestamp":"2026-06-29 14:11:36,374+0530","service":"FyersAPIRequest"}
{"level":"DEBUG","location":"[get_call:163] fyersModel","message":{"Status Code":200,"API":"/options-chain-v3"},"timestamp":"2026-06-29 14:11:36,439+0530","service":"FyersAPIRequest"}
{"level":"DEBUG","location":"[get_call:163] fyersModel","message":{"Status Code":200,"API":"/history"},"timestamp":"2026-06-29 14:12:36,543+0530","service":"FyersAPIRequest"}
{"level":"DEBUG","location":"[get_call:163] fyersModel","message":{"Status Code":200,"API":"/options-chain-v3"},"timestamp":"2026-06-29 14:12:36,609+0530","service":"FyersAPIRequest"}
{"level":"DEBUG","location":"[get_call:163] fyersModel","message":{"Status Code":200,"API":"/options-chain-v3"},"timestamp":"2026-06-29 14:12:55,369+0530","service":"FyersAPIRequest"}
{"level":"DEBUG","location":"[get_call:163] fyersModel","message":{"Status Code":200,"API":"/options-chain-v3"},"timestamp":"2026-06-29 14:12:55,463+0530","service":"FyersAPIRequest"}
{"level":"DEBUG","location":"[get_call:163] fyersModel","message":{"Status Code":200,"API":"/options-chain-v3"},"timestamp":"2026-06-29 14:12:55,570+0530","service":"FyersAPIRequest"}
{"level":"DEBUG","location":"[get_call:163] fyersModel","message":{"Status Code":200,"API":"/options-chain-v3"},"timestamp":"2026-06-29 14:12:55,641+0530","service":"FyersAPIRequest"}
{"level":"DEBUG","location":"[get_call:163] fyersModel","message":{"Status Code":200,"API":"/history"},"timestamp":"2026-06-29 14:13:36,873+0530","service":"FyersAPIRequest"}
{"level":"DEBUG","location":"[get_call:163] fyersModel","message":{"Status Code":200,"API":"/options-chain-v3"},"timestamp":"2026-06-29 14:13:36,955+0530","service":"FyersAPIRequest"}
{"level":"DEBUG","location":"[get_call:163] fyersModel","message":{"Status Code":200,"API":"/history"},"timestamp":"2026-06-29 14:14:37,076+0530","service":"FyersAPIRequest"}
{"level":"DEBUG","location":"[get_call:163] fyersModel","message":{"Status Code":200,"API":"/options-chain-v3"},"timestamp":"2026-06-29 14:14:37,150+0530","service":"FyersAPIRequest"}
{"level":"DEBUG","location":"[get_call:163] fyersModel","message":{"Status Code":200,"API":"/history"},"timestamp":"2026-06-29 14:15:37,261+0530","service":"FyersAPIRequest"}
{"level":"DEBUG","location":"[get_call:163] fyersModel","message":{"Status Code":200,"API":"/options-chain-v3"},"timestamp":"2026-06-29 14:15:37,335+0530","service":"FyersAPIRequest"}
{"level":"DEBUG","location":"[get_call:163] fyersModel","message":{"Status Code":200,"API":"/history"},"timestamp":"2026-06-29 14:16:37,442+0530","service":"FyersAPIRequest"}
{"level":"DEBUG","location":"[get_call:163] fyersModel","message":{"Status Code":200,"API":"/options-chain-v3"},"timestamp":"2026-06-29 14:16:37,529+0530","service":"FyersAPIRequest"}
{"level":"DEBUG","location":"[get_call:163] fyersModel","message":{"Status Code":200,"API":"/history"},"timestamp":"2026-06-29 14:17:37,618+0530","service":"FyersAPIRequest"}
{"level":"DEBUG","location":"[get_call:163] fyersModel","message":{"Status Code":200,"API":"/options-chain-v3"},"timestamp":"2026-06-29 14:17:37,688+0530","service":"FyersAPIRequest"}
{"level":"DEBUG","location":"[get_call:163] fyersModel","message":{"Status Code":200,"API":"/options-chain-v3"},"timestamp":"2026-06-29 14:17:55,767+0530","service":"FyersAPIRequest"}
{"level":"DEBUG","location":"[get_call:163] fyersModel","message":{"Status Code":200,"API":"/options-chain-v3"},"timestamp":"2026-06-29 14:17:55,848+0530","service":"FyersAPIRequest"}
{"level":"DEBUG","location":"[get_call:163] fyersModel","message":{"Status Code":200,"API":"/options-chain-v3"},"timestamp":"2026-06-29 14:17:55,932+0530","service":"FyersAPIRequest"}
{"level":"DEBUG","location":"[get_call:163] fyersModel","message":{"Status Code":200,"API":"/options-chain-v3"},"timestamp":"2026-06-29 14:17:56,031+0530","service":"FyersAPIRequest"}
{"level":"DEBUG","location":"[get_call:163] fyersModel","message":{"Status Code":200,"API":"/history"},"timestamp":"2026-06-29 14:18:37,861+0530","service":"FyersAPIRequest"}
{"level":"DEBUG","location":"[get_call:163] fyersModel","message":{"Status Code":200,"API":"/options-chain-v3"},"timestamp":"2026-06-29 14:18:37,929+0530","service":"FyersAPIRequest"}
{"level":"DEBUG","location":"[get_call:163] fyersModel","message":{"Status Code":200,"API":"/history"},"timestamp":"2026-06-29 14:19:38,108+0530","service":"FyersAPIRequest"}
{"level":"DEBUG","location":"[get_call:163] fyersModel","message":{"Status Code":200,"API":"/options-chain-v3"},"timestamp":"2026-06-29 14:19:38,195+0530","service":"FyersAPIRequest"}
{"level":"DEBUG","location":"[get_call:163] fyersModel","message":{"Status Code":200,"API":"/history"},"timestamp":"2026-06-29 14:20:38,295+0530","service":"FyersAPIRequest"}
{"level":"DEBUG","location":"[get_call:163] fyersModel","message":{"Status Code":200,"API":"/options-chain-v3"},"timestamp":"2026-06-29 14:20:38,371+0530","service":"FyersAPIRequest"}
{"level":"DEBUG","location":"[get_call:163] fyersModel","message":{"Status Code":200,"API":"/history"},"timestamp":"2026-06-29 14:21:38,453+0530","service":"FyersAPIRequest"}
{"level":"DEBUG","location":"[get_call:163] fyersModel","message":{"Status Code":200,"API":"/options-chain-v3"},"timestamp":"2026-06-29 14:21:38,536+0530","service":"FyersAPIRequest"}
{"level":"DEBUG","location":"[get_call:163] fyersModel","message":{"Status Code":200,"API":"/history"},"timestamp":"2026-06-29 14:22:38,648+0530","service":"FyersAPIRequest"}
{"level":"DEBUG","location":"[get_call:163] fyersModel","message":{"Status Code":200,"API":"/options-chain-v3"},"timestamp":"2026-06-29 14:22:38,729+0530","service":"FyersAPIRequest"}
{"level":"DEBUG","location":"[get_call:163] fyersModel","message":{"Status Code":200,"API":"/options-chain-v3"},"timestamp":"2026-06-29 14:22:56,150+0530","service":"FyersAPIRequest"}
{"level":"DEBUG","location":"[get_call:163] fyersModel","message":{"Status Code":200,"API":"/options-chain-v3"},"timestamp":"2026-06-29 14:22:56,239+0530","service":"FyersAPIRequest"}
{"level":"DEBUG","location":"[get_call:163] fyersModel","message":{"Status Code":200,"API":"/options-chain-v3"},"timestamp":"2026-06-29 14:22:56,332+0530","service":"FyersAPIRequest"}
{"level":"DEBUG","location":"[get_call:163] fyersModel","message":{"Status Code":200,"API":"/options-chain-v3"},"timestamp":"2026-06-29 14:22:56,399+0530","service":"FyersAPIRequest"}
{"level":"DEBUG","location":"[get_call:163] fyersModel","message":{"Status Code":200,"API":"/history"},"timestamp":"2026-06-29 14:23:38,826+0530","service":"FyersAPIRequest"}
{"level":"DEBUG","location":"[get_call:163] fyersModel","message":{"Status Code":200,"API":"/options-chain-v3"},"timestamp":"2026-06-29 14:23:38,893+0530","service":"FyersAPIRequest"}
{"level":"DEBUG","location":"[get_call:163] fyersModel","message":{"Status Code":200,"API":"/history"},"timestamp":"2026-06-29 14:24:38,989+0530","service":"FyersAPIRequest"}
{"level":"DEBUG","location":"[get_call:163] fyersModel","message":{"Status Code":200,"API":"/options-chain-v3"},"timestamp":"2026-06-29 14:24:39,055+0530","service":"FyersAPIRequest"}
{"level":"DEBUG","location":"[get_call:163] fyersModel","message":{"Status Code":200,"API":"/history"},"timestamp":"2026-06-29 14:25:39,161+0530","service":"FyersAPIRequest"}
{"level":"DEBUG","location":"[get_call:163] fyersModel","message":{"Status Code":200,"API":"/options-chain-v3"},"timestamp":"2026-06-29 14:25:39,237+0530","service":"FyersAPIRequest"}
{"level":"DEBUG","location":"[get_call:163] fyersModel","message":{"Status Code":200,"API":"/history"},"timestamp":"2026-06-29 14:26:39,332+0530","service":"FyersAPIRequest"}
{"level":"DEBUG","location":"[get_call:163] fyersModel","message":{"Status Code":200,"API":"/options-chain-v3"},"timestamp":"2026-06-29 14:26:39,411+0530","service":"FyersAPIRequest"}
{"level":"DEBUG","location":"[get_call:163] fyersModel","message":{"Status Code":200,"API":"/history"},"timestamp":"2026-06-29 14:27:39,516+0530","service":"FyersAPIRequest"}
{"level":"DEBUG","location":"[get_call:163] fyersModel","message":{"Status Code":200,"API":"/options-chain-v3"},"timestamp":"2026-06-29 14:27:39,586+0530","service":"FyersAPIRequest"}
{"level":"DEBUG","location":"[get_call:163] fyersModel","message":{"Status Code":200,"API":"/options-chain-v3"},"timestamp":"2026-06-29 14:27:56,492+0530","service":"FyersAPIRequest"}
{"level":"DEBUG","location":"[get_call:163] fyersModel","message":{"Status Code":200,"API":"/options-chain-v3"},"timestamp":"2026-06-29 14:27:56,575+0530","service":"FyersAPIRequest"}
{"level":"DEBUG","location":"[get_call:163] fyersModel","message":{"Status Code":200,"API":"/options-chain-v3"},"timestamp":"2026-06-29 14:27:56,656+0530","service":"FyersAPIRequest"}
{"level":"DEBUG","location":"[get_call:163] fyersModel","message":{"Status Code":200,"API":"/options-chain-v3"},"timestamp":"2026-06-29 14:27:56,723+0530","service":"FyersAPIRequest"}
{"level":"DEBUG","location":"[get_call:163] fyersModel","message":{"Status Code":200,"API":"/history"},"timestamp":"2026-06-29 14:28:39,641+0530","service":"FyersAPIRequest"}
{"level":"DEBUG","location":"[get_call:163] fyersModel","message":{"Status Code":200,"API":"/options-chain-v3"},"timestamp":"2026-06-29 14:28:39,724+0530","service":"FyersAPIRequest"}
{"level":"DEBUG","location":"[get_call:163] fyersModel","message":{"Status Code":200,"API":"/history"},"timestamp":"2026-06-29 14:29:39,804+0530","service":"FyersAPIRequest"}
{"level":"DEBUG","location":"[get_call:163] fyersModel","message":{"Status Code":200,"API":"/options-chain-v3"},"timestamp":"2026-06-29 14:29:39,895+0530","service":"FyersAPIRequest"}
{"level":"DEBUG","location":"[get_call:163] fyersModel","message":{"Status Code":200,"API":"/history"},"timestamp":"2026-06-29 14:30:39,999+0530","service":"FyersAPIRequest"}
{"level":"DEBUG","location":"[get_call:163] fyersModel","message":{"Status Code":200,"API":"/options-chain-v3"},"timestamp":"2026-06-29 14:30:40,081+0530","service":"FyersAPIRequest"}
{"level":"DEBUG","location":"[get_call:163] fyersModel","message":{"Status Code":200,"API":"/history"},"timestamp":"2026-06-29 14:31:40,174+0530","service":"FyersAPIRequest"}
{"level":"DEBUG","location":"[get_call:163] fyersModel","message":{"Status Code":200,"API":"/options-chain-v3"},"timestamp":"2026-06-29 14:31:40,242+0530","service":"FyersAPIRequest"}
{"level":"DEBUG","location":"[get_call:163] fyersModel","message":{"Status Code":200,"API":"/history"},"timestamp":"2026-06-29 14:32:40,421+0530","service":"FyersAPIRequest"}
{"level":"DEBUG","location":"[get_call:163] fyersModel","message":{"Status Code":200,"API":"/options-chain-v3"},"timestamp":"2026-06-29 14:32:40,495+0530","service":"FyersAPIRequest"}
{"level":"DEBUG","location":"[get_call:163] fyersModel","message":{"Status Code":200,"API":"/options-chain-v3"},"timestamp":"2026-06-29 14:32:56,843+0530","service":"FyersAPIRequest"}
{"level":"DEBUG","location":"[get_call:163] fyersModel","message":{"Status Code":200,"API":"/options-chain-v3"},"timestamp":"2026-06-29 14:32:56,937+0530","service":"FyersAPIRequest"}
{"level":"DEBUG","location":"[get_call:163] fyersModel","message":{"Status Code":200,"API":"/options-chain-v3"},"timestamp":"2026-06-29 14:32:57,047+0530","service":"FyersAPIRequest"}
{"level":"DEBUG","location":"[get_call:163] fyersModel","message":{"Status Code":200,"API":"/options-chain-v3"},"timestamp":"2026-06-29 14:32:57,136+0530","service":"FyersAPIRequest"}
{"level":"DEBUG","location":"[get_call:163] fyersModel","message":{"Status Code":200,"API":"/history"},"timestamp":"2026-06-29 14:33:40,688+0530","service":"FyersAPIRequest"}
{"level":"DEBUG","location":"[get_call:163] fyersModel","message":{"Status Code":200,"API":"/options-chain-v3"},"timestamp":"2026-06-29 14:33:40,767+0530","service":"FyersAPIRequest"}
{"level":"DEBUG","location":"[get_call:163] fyersModel","message":{"Status Code":200,"API":"/history"},"timestamp":"2026-06-29 14:34:40,868+0530","service":"FyersAPIRequest"}
{"level":"DEBUG","location":"[get_call:163] fyersModel","message":{"Status Code":200,"API":"/options-chain-v3"},"timestamp":"2026-06-29 14:34:40,952+0530","service":"FyersAPIRequest"}
{"level":"DEBUG","location":"[get_call:163] fyersModel","message":{"Status Code":200,"API":"/history"},"timestamp":"2026-06-29 14:35:41,053+0530","service":"FyersAPIRequest"}
{"level":"DEBUG","location":"[get_call:163] fyersModel","message":{"Status Code":200,"API":"/options-chain-v3"},"timestamp":"2026-06-29 14:35:41,140+0530","service":"FyersAPIRequest"}
{"level":"DEBUG","location":"[get_call:163] fyersModel","message":{"Status Code":200,"API":"/history"},"timestamp":"2026-06-29 14:36:41,244+0530","service":"FyersAPIRequest"}
{"level":"DEBUG","location":"[get_call:163] fyersModel","message":{"Status Code":200,"API":"/options-chain-v3"},"timestamp":"2026-06-29 14:36:41,320+0530","service":"FyersAPIRequest"}
