2026-06-29 12:59:22 │ INFO     │ Authenticating with Fyers API…
2026-06-29 12:59:22 │ INFO     │ ✅ Token valid
2026-06-29 12:59:22 │ INFO     │ ✅ Database ready: oi_analytics.db
2026-06-29 12:59:22 │ INFO     │ ✅ Tracking 4 indices with ATM±5 strikes. Refresh every 300s.
2026-06-29 12:59:22 │ INFO     │ [NIFTY50] Spot=23963.80  ATM=23950  CE_ΔOI=0  PE_ΔOI=0  PCR=1.0000  (+0.00%) → Equal
2026-06-29 12:59:22 │ INFO     │ [BANKNIFTY] Spot=57713.60  ATM=57700  CE_ΔOI=0  PE_ΔOI=0  PCR=1.0000  (+0.00%) → Equal
2026-06-29 12:59:23 │ INFO     │ [SENSEX] Spot=76759.86  ATM=76800  CE_ΔOI=0  PE_ΔOI=0  PCR=1.0000  (+0.00%) → Equal
2026-06-29 12:59:23 │ INFO     │ [BANKEX] Spot=65124.63  ATM=65100  CE_ΔOI=0  PE_ΔOI=0  PCR=1.0000  (+0.00%) → Equal
2026-06-29 12:59:23 │ INFO     │ Next cycle in 300s…
2026-06-29 13:04:23 │ INFO     │ [NIFTY50] Spot=23964.25  ATM=23950  CE_ΔOI=0  PE_ΔOI=0  PCR=1.0000  (+0.00%) → Equal
2026-06-29 13:04:23 │ INFO     │ [BANKNIFTY] Spot=57737.60  ATM=57700  CE_ΔOI=0  PE_ΔOI=0  PCR=1.0000  (+0.00%) → Equal
2026-06-29 13:04:23 │ INFO     │ [SENSEX] Spot=76746.33  ATM=76700  CE_ΔOI=0  PE_ΔOI=0  PCR=1.0000  (+0.00%) → Equal
2026-06-29 13:04:23 │ INFO     │ [BANKEX] Spot=65134.33  ATM=65100  CE_ΔOI=0  PE_ΔOI=0  PCR=1.0000  (+0.00%) → Equal
2026-06-29 13:04:23 │ INFO     │ Next cycle in 300s…
2026-06-29 13:09:23 │ INFO     │ [NIFTY50] Spot=23972.45  ATM=23950  CE_ΔOI=0  PE_ΔOI=0  PCR=1.0000  (+0.00%) → Equal
2026-06-29 13:09:24 │ INFO     │ [BANKNIFTY] Spot=57767.30  ATM=57800  CE_ΔOI=0  PE_ΔOI=0  PCR=1.0000  (+0.00%) → Equal
2026-06-29 13:09:24 │ INFO     │ [SENSEX] Spot=76774.79  ATM=76800  CE_ΔOI=0  PE_ΔOI=0  PCR=1.0000  (+0.00%) → Equal
2026-06-29 13:09:24 │ INFO     │ [BANKEX] Spot=65177.15  ATM=65200  CE_ΔOI=0  PE_ΔOI=0  PCR=1.0000  (+0.00%) → Equal
2026-06-29 13:09:24 │ INFO     │ Next cycle in 300s…
2026-06-29 13:14:24 │ INFO     │ [NIFTY50] Spot=23965.75  ATM=23950  CE_ΔOI=0  PE_ΔOI=0  PCR=1.0000  (+0.00%) → Equal
2026-06-29 13:14:24 │ INFO     │ [BANKNIFTY] Spot=57802.60  ATM=57800  CE_ΔOI=0  PE_ΔOI=0  PCR=1.0000  (+0.00%) → Equal
2026-06-29 13:14:24 │ INFO     │ [SENSEX] Spot=76763.47  ATM=76800  CE_ΔOI=0  PE_ΔOI=0  PCR=1.0000  (+0.00%) → Equal
2026-06-29 13:14:24 │ INFO     │ [BANKEX] Spot=65214.93  ATM=65200  CE_ΔOI=0  PE_ΔOI=0  PCR=1.0000  (+0.00%) → Equal
2026-06-29 13:14:24 │ INFO     │ Next cycle in 300s…
2026-06-29 13:19:25 │ INFO     │ [NIFTY50] Spot=23946.05  ATM=23950  CE_ΔOI=0  PE_ΔOI=0  PCR=1.0000  (+0.00%) → Equal
2026-06-29 13:19:25 │ INFO     │ [BANKNIFTY] Spot=57721.85  ATM=57700  CE_ΔOI=0  PE_ΔOI=0  PCR=1.0000  (+0.00%) → Equal
2026-06-29 13:19:25 │ INFO     │ [SENSEX] Spot=76699.66  ATM=76700  CE_ΔOI=0  PE_ΔOI=0  PCR=1.0000  (+0.00%) → Equal
2026-06-29 13:19:25 │ INFO     │ [BANKEX] Spot=65131.48  ATM=65100  CE_ΔOI=0  PE_ΔOI=0  PCR=1.0000  (+0.00%) → Equal
2026-06-29 13:19:25 │ INFO     │ Next cycle in 300s…
2026-06-29 13:23:52 │ INFO     │ 👋 Tracker stopped by user (Ctrl+C).
2026-06-29 13:23:55 │ INFO     │ Authenticating with Fyers API...
2026-06-29 13:23:56 │ INFO     │ ✅ Token valid
2026-06-29 13:23:56 │ INFO     │ ✅ Database ready: oi_analytics.db
2026-06-29 13:23:56 │ INFO     │ ✅ Tracking 4 indices with ATM ± 5 strikes. Refresh every 300s.
2026-06-29 13:23:56 │ INFO     │ Next cycle in 300s...
2026-06-29 13:27:48 │ INFO     │ 🛑 Tracker stopped by user (Ctrl+C).
2026-06-29 13:27:51 │ INFO     │ Authenticating with Fyers API...
2026-06-29 13:27:51 │ INFO     │ ✅ Token valid
2026-06-29 13:27:51 │ INFO     │ ✅ Database ready: oi_analytics.db
2026-06-29 13:27:51 │ INFO     │ ✅ Tracking 4 indices with ATM ± 5 strikes. Refresh every 300s.
2026-06-29 13:27:52 │ INFO     │ Next cycle in 300s...
2026-06-29 13:32:52 │ INFO     │ Next cycle in 300s...
2026-06-29 13:37:53 │ INFO     │ Next cycle in 300s...
2026-06-29 13:42:53 │ INFO     │ Next cycle in 300s...
2026-06-29 13:47:53 │ INFO     │ Next cycle in 300s...
2026-06-29 13:52:54 │ INFO     │ Next cycle in 300s...
2026-06-29 13:57:54 │ INFO     │ Next cycle in 300s...
2026-06-29 14:02:54 │ INFO     │ Next cycle in 300s...
2026-06-29 14:07:55 │ INFO     │ Next cycle in 300s...
2026-06-29 14:12:55 │ INFO     │ Next cycle in 300s...
2026-06-29 14:17:56 │ INFO     │ Next cycle in 300s...
2026-06-29 14:22:56 │ INFO     │ Next cycle in 300s...
2026-06-29 14:27:56 │ INFO     │ Next cycle in 300s...
2026-06-29 14:32:57 │ INFO     │ Next cycle in 300s...
2026-06-29 14:37:03 │ INFO     │ 🛑 Tracker stopped by user (Ctrl+C).
2026-06-29 14:37:08 │ INFO     │ Authenticating with Fyers API...
2026-06-29 14:37:09 │ INFO     │ ✅ Token valid
2026-06-29 14:37:09 │ INFO     │ ✅ Database ready: oi_analytics.db
2026-06-29 14:37:09 │ INFO     │ ✅ Tracking 4 indices with ATM ± 5 strikes. Refresh every 300s.
2026-06-29 14:37:09 │ INFO     │ Next cycle in 300s...
2026-06-29 14:42:10 │ INFO     │ Next cycle in 300s...
2026-06-29 14:47:10 │ INFO     │ Next cycle in 300s...
2026-06-29 14:52:10 │ INFO     │ Next cycle in 300s...
2026-06-29 14:57:11 │ INFO     │ Next cycle in 300s...
2026-06-29 15:02:11 │ INFO     │ Next cycle in 300s...
2026-06-29 15:07:12 │ INFO     │ Next cycle in 300s...
2026-06-29 15:12:12 │ INFO     │ Next cycle in 300s...
2026-06-29 15:17:13 │ INFO     │ Next cycle in 300s...
2026-06-29 15:22:13 │ INFO     │ Next cycle in 300s...
2026-06-29 15:27:13 │ INFO     │ Next cycle in 300s...
2026-06-29 16:04:31 │ INFO     │ 🛑 Tracker stopped by user (Ctrl+C).
2026-06-30 07:50:40 │ INFO     │ Authenticating with Fyers API...
2026-06-30 07:50:41 │ INFO     │ ✅ Token valid
2026-06-30 07:50:41 │ INFO     │ ✅ Database ready: oi_analytics.db
2026-06-30 07:50:41 │ INFO     │ ✅ Tracking 4 indices with ATM ± 5 strikes. Refresh every 300s.
2026-06-30 09:00:15 │ INFO     │ Authenticating with Fyers API...
2026-06-30 09:00:16 │ INFO     │ ✅ Token valid
2026-06-30 09:00:16 │ INFO     │ ✅ Database ready: oi_analytics.db
2026-06-30 09:00:16 │ INFO     │ ✅ Tracking 4 indices with ATM ± 5 strikes. Refresh every 300s.
2026-06-30 09:07:48 │ INFO     │ Authenticating with Fyers API...
2026-06-30 09:07:48 │ INFO     │ ✅ Token valid
2026-06-30 09:07:48 │ INFO     │ ✅ Database ready: oi_analytics.db
2026-06-30 09:07:48 │ INFO     │ ✅ Tracking 4 indices with ATM ± 5 strikes. Refresh every 300s.
2026-06-30 09:15:46 │ INFO     │ 🛑 Tracker stopped by user (Ctrl+C).
2026-06-30 09:15:48 │ INFO     │ Authenticating with Fyers API...
2026-06-30 09:15:49 │ INFO     │ ✅ Token valid
2026-06-30 09:15:49 │ INFO     │ ✅ Database ready: oi_analytics.db
2026-06-30 09:15:49 │ INFO     │ ✅ Tracking 4 indices with ATM ± 5 strikes. Refresh every 300s.
2026-06-30 09:15:49 │ INFO     │ Next cycle in 300s...
2026-06-30 09:24:39 │ INFO     │ Authenticating with Fyers API...
2026-06-30 09:24:40 │ INFO     │ ✅ Token valid
2026-06-30 09:24:40 │ INFO     │ ✅ Database ready: oi_analytics.db
2026-06-30 09:24:40 │ INFO     │ ✅ Tracking 4 indices with ATM ± 5 strikes. Refresh every 300s.
2026-06-30 09:24:41 │ INFO     │ Next cycle in 300s...
2026-06-30 09:28:50 │ INFO     │ 🛑 Tracker stopped by user (Ctrl+C).
2026-06-30 09:38:31 │ INFO     │ Authenticating with Fyers API...
2026-06-30 09:38:32 │ INFO     │ ✅ Token valid
2026-06-30 09:38:32 │ INFO     │ ✅ Database ready: oi_analytics.db
2026-06-30 09:38:32 │ INFO     │ ✅ Tracking 4 indices with ATM ± 5 strikes. Refresh every 300s.
2026-06-30 09:38:32 │ INFO     │ Next cycle in 300s...
2026-06-30 09:43:32 │ INFO     │ Next cycle in 300s...
2026-06-30 09:48:33 │ INFO     │ Next cycle in 300s...
2026-06-30 09:53:33 │ INFO     │ Next cycle in 300s...
2026-06-30 09:58:34 │ INFO     │ Next cycle in 300s...
2026-06-30 10:03:34 │ INFO     │ Next cycle in 300s...
2026-06-30 10:08:35 │ INFO     │ Next cycle in 300s...
2026-06-30 10:11:58 │ INFO     │ 🛑 Tracker stopped by user (Ctrl+C).
2026-06-30 10:12:05 │ INFO     │ Authenticating with Fyers API...
2026-06-30 10:12:06 │ INFO     │ ✅ Token valid
2026-06-30 10:12:06 │ INFO     │ ✅ Database ready: oi_analytics.db
2026-06-30 10:12:06 │ INFO     │ ✅ Tracking 4 indices with ATM ± 5 strikes. Refresh every 300s.
2026-06-30 10:12:06 │ INFO     │ Next cycle in 300s...
2026-06-30 10:12:27 │ INFO     │ Authenticating with Fyers API...
2026-06-30 10:12:28 │ INFO     │ ✅ Token valid
2026-06-30 10:12:28 │ INFO     │ ✅ Database ready: oi_analytics.db
2026-06-30 10:12:28 │ INFO     │ ✅ Tracking 4 indices with ATM ± 5 strikes. Refresh every 300s.
2026-06-30 10:12:28 │ INFO     │ Next cycle in 300s...
2026-06-30 10:17:29 │ INFO     │ Next cycle in 300s...
2026-06-30 10:22:29 │ INFO     │ Next cycle in 300s...
2026-06-30 10:27:29 │ INFO     │ Next cycle in 300s...
2026-06-30 10:32:30 │ INFO     │ Next cycle in 300s...
2026-06-30 10:37:30 │ INFO     │ Next cycle in 300s...
2026-06-30 10:42:31 │ INFO     │ Next cycle in 300s...
2026-06-30 10:43:59 │ INFO     │ Authenticating with Fyers API...
2026-06-30 10:43:59 │ INFO     │ ✅ Token valid
2026-06-30 10:43:59 │ INFO     │ ✅ Database ready: oi_analytics.db
2026-06-30 10:43:59 │ INFO     │ ✅ Tracking 4 indices with ATM ± 5 strikes. Refresh every 300s.
2026-06-30 10:44:00 │ INFO     │ Next cycle in 300s...
2026-06-30 10:49:00 │ INFO     │ Next cycle in 300s...
2026-06-30 10:50:07 │ INFO     │ Authenticating with Fyers API...
2026-06-30 10:50:07 │ INFO     │ ✅ Token valid
2026-06-30 10:50:07 │ INFO     │ ✅ Database ready: oi_analytics.db
2026-06-30 10:50:07 │ INFO     │ ✅ Tracking 4 indices with ATM ± 5 strikes. Refresh every 300s.
2026-06-30 10:50:08 │ INFO     │ Next cycle in 300s...
2026-06-30 10:55:08 │ INFO     │ Next cycle in 300s...
2026-06-30 11:00:08 │ INFO     │ Next cycle in 300s...
2026-06-30 11:05:09 │ INFO     │ Next cycle in 300s...
2026-06-30 11:10:09 │ INFO     │ Next cycle in 300s...
2026-06-30 11:15:10 │ INFO     │ Next cycle in 300s...
2026-06-30 11:20:10 │ INFO     │ Next cycle in 300s...
2026-06-30 11:25:10 │ INFO     │ Next cycle in 300s...
2026-06-30 11:28:37 │ INFO     │ Authenticating with Fyers API...
2026-06-30 11:28:37 │ INFO     │ ✅ Token valid
2026-06-30 11:28:37 │ INFO     │ ✅ Database ready: oi_analytics.db
2026-06-30 11:28:37 │ INFO     │ ✅ Tracking 4 indices with ATM ± 5 strikes. Refresh every 300s.
2026-06-30 11:28:38 │ INFO     │ Next cycle in 300s...
2026-06-30 11:33:38 │ INFO     │ Next cycle in 300s...
2026-06-30 11:38:38 │ INFO     │ Next cycle in 300s...
2026-06-30 11:43:39 │ INFO     │ Next cycle in 300s...
2026-06-30 11:47:39 │ INFO     │ Authenticating with Fyers API...
2026-06-30 11:47:39 │ INFO     │ ✅ Token valid
2026-06-30 11:47:39 │ INFO     │ ✅ Database ready: oi_analytics.db
2026-06-30 11:47:39 │ INFO     │ ✅ Tracking 4 indices with ATM ± 5 strikes. Refresh every 300s.
2026-06-30 11:47:40 │ INFO     │ Next cycle in 300s...
2026-06-30 11:52:40 │ INFO     │ Next cycle in 300s...
2026-06-30 11:57:41 │ INFO     │ Next cycle in 300s...
2026-06-30 12:02:41 │ INFO     │ Next cycle in 300s...
2026-06-30 12:07:41 │ INFO     │ Next cycle in 300s...
2026-06-30 12:12:42 │ INFO     │ Next cycle in 300s...
2026-06-30 12:17:42 │ INFO     │ Next cycle in 300s...
2026-06-30 12:22:42 │ INFO     │ Next cycle in 300s...
2026-06-30 12:27:43 │ INFO     │ Next cycle in 300s...
2026-06-30 12:32:43 │ INFO     │ Next cycle in 300s...
2026-06-30 12:37:44 │ INFO     │ Next cycle in 300s...
2026-06-30 12:42:44 │ INFO     │ Next cycle in 300s...
2026-06-30 12:47:44 │ INFO     │ Next cycle in 300s...
2026-06-30 12:52:45 │ INFO     │ Next cycle in 300s...
2026-06-30 12:57:45 │ INFO     │ Next cycle in 300s...
2026-06-30 13:02:46 │ INFO     │ Next cycle in 300s...
2026-06-30 13:07:46 │ INFO     │ Next cycle in 300s...
2026-06-30 13:12:47 │ INFO     │ Next cycle in 300s...
2026-06-30 13:17:47 │ INFO     │ Next cycle in 300s...
2026-06-30 13:22:47 │ INFO     │ Next cycle in 300s...
2026-06-30 13:27:48 │ INFO     │ Next cycle in 300s...
2026-06-30 13:32:48 │ INFO     │ Next cycle in 300s...
2026-06-30 13:37:48 │ INFO     │ Next cycle in 300s...
2026-06-30 13:42:49 │ INFO     │ Next cycle in 300s...
2026-06-30 13:47:49 │ INFO     │ Next cycle in 300s...
2026-06-30 13:52:50 │ INFO     │ Next cycle in 300s...
2026-06-30 13:57:50 │ INFO     │ Next cycle in 300s...
2026-06-30 14:02:50 │ INFO     │ Next cycle in 300s...
2026-06-30 14:07:51 │ INFO     │ Next cycle in 300s...
2026-06-30 14:12:51 │ INFO     │ Next cycle in 300s...
2026-06-30 14:17:52 │ INFO     │ Next cycle in 300s...
2026-06-30 14:22:53 │ INFO     │ Next cycle in 300s...
2026-06-30 14:27:53 │ INFO     │ Next cycle in 300s...
2026-07-01 09:16:23 │ INFO     │ Authenticating with Fyers API...
2026-07-01 09:16:23 │ INFO     │ Starting automated headless login (Bypassing Security)...
2026-07-01 09:16:25 │ INFO     │ ✅ Automated login successful!
2026-07-01 09:16:25 │ INFO     │ ✅ Database ready: oi_analytics.db
2026-07-01 09:16:25 │ INFO     │ ✅ Tracking 4 indices with ATM ± 5 strikes. Refresh every 300s.
2026-07-01 09:16:26 │ INFO     │ Next cycle in 300s...
2026-07-01 09:21:27 │ INFO     │ Next cycle in 300s...
2026-07-01 09:26:27 │ INFO     │ Next cycle in 300s...
2026-07-01 09:31:28 │ INFO     │ Next cycle in 300s...
2026-07-01 09:36:28 │ INFO     │ Next cycle in 300s...
2026-07-01 09:41:29 │ INFO     │ Next cycle in 300s...
2026-07-01 09:46:29 │ INFO     │ Next cycle in 300s...
2026-07-01 09:51:30 │ INFO     │ Next cycle in 300s...
2026-07-01 09:56:31 │ INFO     │ Next cycle in 300s...
2026-07-01 10:01:31 │ INFO     │ Next cycle in 300s...
2026-07-01 10:06:32 │ INFO     │ Next cycle in 300s...
2026-07-01 10:11:32 │ INFO     │ Next cycle in 300s...
2026-07-01 10:16:33 │ INFO     │ Next cycle in 300s...
2026-07-01 10:21:33 │ INFO     │ Next cycle in 300s...
2026-07-01 10:26:33 │ INFO     │ Next cycle in 300s...
2026-07-01 10:31:34 │ INFO     │ Next cycle in 300s...
2026-07-01 10:36:34 │ INFO     │ Next cycle in 300s...
2026-07-01 10:41:35 │ INFO     │ Next cycle in 300s...
2026-07-01 10:46:35 │ INFO     │ Next cycle in 300s...
2026-07-01 10:51:36 │ INFO     │ Next cycle in 300s...
2026-07-01 10:56:36 │ INFO     │ Next cycle in 300s...
2026-07-01 11:00:23 │ INFO     │ Authenticating with Fyers API...
2026-07-01 11:00:24 │ INFO     │ ✅ Token valid
2026-07-01 11:00:24 │ INFO     │ ✅ Database ready: oi_analytics.db
2026-07-01 11:00:24 │ INFO     │ ✅ Tracking 4 indices with ATM ± 5 strikes. Refresh every 300s.
2026-07-01 11:00:24 │ INFO     │ Next cycle in 300s...
2026-07-01 11:05:25 │ INFO     │ Next cycle in 300s...
2026-07-01 11:10:25 │ INFO     │ Next cycle in 300s...
2026-07-01 11:15:26 │ INFO     │ Next cycle in 300s...
2026-07-01 11:20:26 │ INFO     │ Next cycle in 300s...
2026-07-01 11:24:18 │ INFO     │ Authenticating with Fyers API...
2026-07-01 11:24:19 │ INFO     │ ✅ Token valid
2026-07-01 11:24:19 │ INFO     │ ✅ Database ready: oi_analytics.db
2026-07-01 11:24:19 │ INFO     │ ✅ Tracking 4 indices with ATM ± 5 strikes. Refresh every 300s.
2026-07-01 11:24:19 │ INFO     │ Next cycle in 300s...
2026-07-01 11:29:19 │ INFO     │ Next cycle in 300s...
2026-07-01 11:34:20 │ INFO     │ Next cycle in 300s...
2026-07-01 11:39:21 │ INFO     │ Next cycle in 300s...
2026-07-01 11:44:21 │ INFO     │ Next cycle in 300s...
2026-07-01 11:49:21 │ INFO     │ Next cycle in 300s...
2026-07-01 11:54:22 │ INFO     │ Next cycle in 300s...
2026-07-01 11:59:22 │ INFO     │ Next cycle in 300s...
2026-07-01 12:04:23 │ INFO     │ Next cycle in 300s...
2026-07-01 12:09:23 │ INFO     │ Next cycle in 300s...
2026-07-01 12:14:24 │ INFO     │ Next cycle in 300s...
2026-07-01 12:19:24 │ INFO     │ Next cycle in 300s...
2026-07-01 12:24:25 │ INFO     │ Next cycle in 300s...
2026-07-01 12:29:25 │ INFO     │ Next cycle in 300s...
2026-07-01 12:34:26 │ INFO     │ Next cycle in 300s...
2026-07-01 12:39:26 │ INFO     │ Next cycle in 300s...
2026-07-01 12:44:27 │ INFO     │ Next cycle in 300s...
2026-07-01 12:49:27 │ INFO     │ Next cycle in 300s...
2026-07-01 12:54:28 │ INFO     │ Next cycle in 300s...
2026-07-01 12:59:28 │ INFO     │ Next cycle in 300s...
2026-07-01 13:04:29 │ INFO     │ Next cycle in 300s...
